{"D:\\Learn\\Linkedin\\JavaScript-Test-Driven-Development\\src\\Integration-Test\\mocha-setup.js":{"path":"D:\\Learn\\Linkedin\\JavaScript-Test-Driven-Development\\src\\Integration-Test\\mocha-setup.js","statementMap":{"0":{"start":{"line":3,"column":0},"end":{"line":3,"column":39}},"1":{"start":{"line":4,"column":12},"end":{"line":4,"column":51}},"2":{"start":{"line":5,"column":19},"end":{"line":5,"column":66}},"3":{"start":{"line":6,"column":39},"end":{"line":6,"column":95}},"4":{"start":{"line":7,"column":0},"end":{"line":7,"column":46}}},"fnMap":{"0":{"name":"_interopRequireDefault","decl":{"start":{"line":6,"column":9},"end":{"line":6,"column":31}},"loc":{"start":{"line":6,"column":37},"end":{"line":6,"column":97}},"line":6}},"branchMap":{"0":{"loc":{"start":{"line":6,"column":46},"end":{"line":6,"column":94}},"type":"cond-expr","locations":[{"start":{"line":6,"column":70},"end":{"line":6,"column":73}},{"start":{"line":6,"column":76},"end":{"line":6,"column":94}}],"line":6},"1":{"loc":{"start":{"line":6,"column":46},"end":{"line":6,"column":67}},"type":"binary-expr","locations":[{"start":{"line":6,"column":46},"end":{"line":6,"column":49}},{"start":{"line":6,"column":53},"end":{"line":6,"column":67}}],"line":6}},"s":{"0":1,"1":1,"2":1,"3":2,"4":1},"f":{"0":2},"b":{"0":[0,2],"1":[2,2]},"inputSourceMap":{"version":3,"names":["chai","use","chaiExclude"],"sourceRoot":"D:\\Learn\\Linkedin\\JavaScript-Test-Driven-Development\\src\\Integration-Test\\","sources":["mocha-setup.js"],"sourcesContent":["import 'regenerator-runtime/runtime';\r\n\r\nimport chai from 'chai';\r\n\r\nimport chaiExclude from 'chai-exclude';\r\n\r\nchai.use(chaiExclude);"],"mappings":";;AAAA;AAEA;AAEA;AAAuC;AAEvCA,gBAAI,CAACC,GAAG,CAACC,uBAAW,CAAC"},"_coverageSchema":"1a1c01bbd47fc00a2c39e90264f33305004495a9","hash":"43bcbb27c733dc635c61972bdda9898d14df6c36","contentHash":"b997acad5805402ddd995c1380bd4636c719906f551b7529ad6408e646bdc540"},"D:\\Learn\\Linkedin\\JavaScript-Test-Driven-Development\\src\\Integration-Test\\db.js":{"path":"D:\\Learn\\Linkedin\\JavaScript-Test-Driven-Development\\src\\Integration-Test\\db.js","statementMap":{"0":{"start":{"line":3,"column":51},"end":{"line":3,"column":334}},"1":{"start":{"line":3,"column":153},"end":{"line":3,"column":171}},"2":{"start":{"line":3,"column":193},"end":{"line":3,"column":317}},"3":{"start":{"line":4,"column":0},"end":{"line":6,"column":3}},"4":{"start":{"line":7,"column":0},"end":{"line":7,"column":56}},"5":{"start":{"line":8,"column":15},"end":{"line":8,"column":33}},"6":{"start":{"line":9,"column":19},"end":{"line":9,"column":44}},"7":{"start":{"line":10,"column":196},"end":{"line":10,"column":269}},"8":{"start":{"line":10,"column":251},"end":{"line":10,"column":266}},"9":{"start":{"line":10,"column":284},"end":{"line":10,"column":286}},"10":{"start":{"line":10,"column":293},"end":{"line":10,"column":309}},"11":{"start":{"line":10,"column":320},"end":{"line":10,"column":337}},"12":{"start":{"line":10,"column":356},"end":{"line":10,"column":433}},"13":{"start":{"line":10,"column":409},"end":{"line":10,"column":431}},"14":{"start":{"line":10,"column":445},"end":{"line":10,"column":486}},"15":{"start":{"line":10,"column":505},"end":{"line":10,"column":537}},"16":{"start":{"line":10,"column":561},"end":{"line":10,"column":603}},"17":{"start":{"line":10,"column":625},"end":{"line":10,"column":663}},"18":{"start":{"line":10,"column":700},"end":{"line":10,"column":815}},"19":{"start":{"line":10,"column":818},"end":{"line":10,"column":929}},"20":{"start":{"line":10,"column":824},"end":{"line":10,"column":839}},"21":{"start":{"line":10,"column":856},"end":{"line":10,"column":927}},"22":{"start":{"line":10,"column":900},"end":{"line":10,"column":924}},"23":{"start":{"line":10,"column":1004},"end":{"line":10,"column":1075}},"24":{"start":{"line":10,"column":1089},"end":{"line":10,"column":1128}},"25":{"start":{"line":10,"column":1140},"end":{"line":10,"column":1170}},"26":{"start":{"line":10,"column":1172},"end":{"line":10,"column":1280}},"27":{"start":{"line":10,"column":1317},"end":{"line":10,"column":1427}},"28":{"start":{"line":10,"column":1323},"end":{"line":10,"column":1373}},"29":{"start":{"line":10,"column":1390},"end":{"line":10,"column":1425}},"30":{"start":{"line":10,"column":1430},"end":{"line":10,"column":1450}},"31":{"start":{"line":10,"column":1474},"end":{"line":10,"column":1476}},"32":{"start":{"line":10,"column":1599},"end":{"line":10,"column":1601}},"33":{"start":{"line":10,"column":1603},"end":{"line":10,"column":1675}},"34":{"start":{"line":10,"column":1659},"end":{"line":10,"column":1671}},"35":{"start":{"line":10,"column":1691},"end":{"line":10,"column":1712}},"36":{"start":{"line":10,"column":1740},"end":{"line":10,"column":1782}},"37":{"start":{"line":10,"column":1784},"end":{"line":10,"column":1947}},"38":{"start":{"line":10,"column":1957},"end":{"line":10,"column":2050}},"39":{"start":{"line":10,"column":2096},"end":{"line":10,"column":2236}},"40":{"start":{"line":10,"column":2152},"end":{"line":10,"column":2232}},"41":{"start":{"line":10,"column":2195},"end":{"line":10,"column":2228}},"42":{"start":{"line":10,"column":2349},"end":{"line":10,"column":2392}},"43":{"start":{"line":10,"column":2394},"end":{"line":10,"column":2886}},"44":{"start":{"line":10,"column":2438},"end":{"line":10,"column":2448}},"45":{"start":{"line":10,"column":2458},"end":{"line":10,"column":2470}},"46":{"start":{"line":10,"column":2472},"end":{"line":10,"column":2884}},"47":{"start":{"line":10,"column":2609},"end":{"line":10,"column":2648}},"48":{"start":{"line":10,"column":2669},"end":{"line":10,"column":2707}},"49":{"start":{"line":10,"column":2768},"end":{"line":10,"column":2810}},"50":{"start":{"line":10,"column":2833},"end":{"line":10,"column":2880}},"51":{"start":{"line":10,"column":2887},"end":{"line":10,"column":2906}},"52":{"start":{"line":10,"column":2930},"end":{"line":10,"column":3294}},"53":{"start":{"line":10,"column":3041},"end":{"line":10,"column":3134}},"54":{"start":{"line":10,"column":3093},"end":{"line":10,"column":3130}},"55":{"start":{"line":10,"column":3137},"end":{"line":10,"column":3288}},"56":{"start":{"line":10,"column":3361},"end":{"line":10,"column":3377}},"57":{"start":{"line":10,"column":3379},"end":{"line":10,"column":4499}},"58":{"start":{"line":10,"column":3411},"end":{"line":10,"column":3486}},"59":{"start":{"line":10,"column":3438},"end":{"line":10,"column":3486}},"60":{"start":{"line":10,"column":3487},"end":{"line":10,"column":3573}},"61":{"start":{"line":10,"column":3516},"end":{"line":10,"column":3550}},"62":{"start":{"line":10,"column":3540},"end":{"line":10,"column":3550}},"63":{"start":{"line":10,"column":3551},"end":{"line":10,"column":3571}},"64":{"start":{"line":10,"column":3574},"end":{"line":10,"column":4496}},"65":{"start":{"line":10,"column":3642},"end":{"line":10,"column":3658}},"66":{"start":{"line":10,"column":3660},"end":{"line":10,"column":3836}},"67":{"start":{"line":10,"column":3697},"end":{"line":10,"column":3735}},"68":{"start":{"line":10,"column":3737},"end":{"line":10,"column":3834}},"69":{"start":{"line":10,"column":3759},"end":{"line":10,"column":3809}},"70":{"start":{"line":10,"column":3800},"end":{"line":10,"column":3809}},"71":{"start":{"line":10,"column":3810},"end":{"line":10,"column":3832}},"72":{"start":{"line":10,"column":3837},"end":{"line":10,"column":4138}},"73":{"start":{"line":10,"column":3868},"end":{"line":10,"column":3911}},"74":{"start":{"line":10,"column":3916},"end":{"line":10,"column":4138}},"75":{"start":{"line":10,"column":3950},"end":{"line":10,"column":4021}},"76":{"start":{"line":10,"column":3982},"end":{"line":10,"column":4021}},"77":{"start":{"line":10,"column":4022},"end":{"line":10,"column":4061}},"78":{"start":{"line":10,"column":4069},"end":{"line":10,"column":4138}},"79":{"start":{"line":10,"column":4139},"end":{"line":10,"column":4159}},"80":{"start":{"line":10,"column":4173},"end":{"line":10,"column":4205}},"81":{"start":{"line":10,"column":4207},"end":{"line":10,"column":4392}},"82":{"start":{"line":10,"column":4239},"end":{"line":10,"column":4340}},"83":{"start":{"line":10,"column":4331},"end":{"line":10,"column":4340}},"84":{"start":{"line":10,"column":4341},"end":{"line":10,"column":4390}},"85":{"start":{"line":10,"column":4393},"end":{"line":10,"column":4494}},"86":{"start":{"line":10,"column":4569},"end":{"line":10,"column":4583}},"87":{"start":{"line":10,"column":4594},"end":{"line":10,"column":4623}},"88":{"start":{"line":10,"column":4625},"end":{"line":10,"column":5028}},"89":{"start":{"line":10,"column":4651},"end":{"line":10,"column":5028}},"90":{"start":{"line":10,"column":5042},"end":{"line":10,"column":5090}},"91":{"start":{"line":10,"column":5092},"end":{"line":10,"column":5222}},"92":{"start":{"line":10,"column":5121},"end":{"line":10,"column":5222}},"93":{"start":{"line":10,"column":5234},"end":{"line":10,"column":5244}},"94":{"start":{"line":10,"column":5246},"end":{"line":10,"column":5619}},"95":{"start":{"line":10,"column":5664},"end":{"line":10,"column":5683}},"96":{"start":{"line":10,"column":5685},"end":{"line":10,"column":5823}},"97":{"start":{"line":10,"column":5871},"end":{"line":10,"column":5893}},"98":{"start":{"line":10,"column":5895},"end":{"line":10,"column":5964}},"99":{"start":{"line":10,"column":5999},"end":{"line":10,"column":6095}},"100":{"start":{"line":10,"column":6126},"end":{"line":10,"column":6576}},"101":{"start":{"line":10,"column":6163},"end":{"line":10,"column":6187}},"102":{"start":{"line":10,"column":6189},"end":{"line":10,"column":6246}},"103":{"start":{"line":10,"column":6209},"end":{"line":10,"column":6246}},"104":{"start":{"line":10,"column":6247},"end":{"line":10,"column":6303}},"105":{"start":{"line":10,"column":6287},"end":{"line":10,"column":6303}},"106":{"start":{"line":10,"column":6304},"end":{"line":10,"column":6574}},"107":{"start":{"line":10,"column":6343},"end":{"line":10,"column":6345}},"108":{"start":{"line":10,"column":6354},"end":{"line":10,"column":6546}},"109":{"start":{"line":10,"column":6372},"end":{"line":10,"column":6491}},"110":{"start":{"line":10,"column":6405},"end":{"line":10,"column":6489}},"111":{"start":{"line":10,"column":6435},"end":{"line":10,"column":6489}},"112":{"start":{"line":10,"column":6492},"end":{"line":10,"column":6544}},"113":{"start":{"line":10,"column":6548},"end":{"line":10,"column":6572}},"114":{"start":{"line":10,"column":6577},"end":{"line":10,"column":6605}},"115":{"start":{"line":10,"column":6632},"end":{"line":10,"column":6670}},"116":{"start":{"line":10,"column":6673},"end":{"line":10,"column":12106}},"117":{"start":{"line":10,"column":7106},"end":{"line":10,"column":7155}},"118":{"start":{"line":10,"column":7157},"end":{"line":10,"column":7262}},"119":{"start":{"line":10,"column":7301},"end":{"line":10,"column":7542}},"120":{"start":{"line":10,"column":7579},"end":{"line":10,"column":7603}},"121":{"start":{"line":10,"column":7722},"end":{"line":10,"column":7734}},"122":{"start":{"line":10,"column":7856},"end":{"line":10,"column":7906}},"123":{"start":{"line":10,"column":7918},"end":{"line":10,"column":7991}},"124":{"start":{"line":10,"column":7993},"end":{"line":10,"column":8135}},"125":{"start":{"line":10,"column":8083},"end":{"line":10,"column":8131}},"126":{"start":{"line":10,"column":8251},"end":{"line":10,"column":8263}},"127":{"start":{"line":10,"column":8305},"end":{"line":10,"column":8333}},"128":{"start":{"line":10,"column":8383},"end":{"line":10,"column":8394}},"129":{"start":{"line":10,"column":8403},"end":{"line":10,"column":8405}},"130":{"start":{"line":10,"column":8407},"end":{"line":10,"column":8450}},"131":{"start":{"line":10,"column":8433},"end":{"line":10,"column":8448}},"132":{"start":{"line":10,"column":8451},"end":{"line":10,"column":8636}},"133":{"start":{"line":10,"column":8492},"end":{"line":10,"column":8604}},"134":{"start":{"line":10,"column":8525},"end":{"line":10,"column":8535}},"135":{"start":{"line":10,"column":8537},"end":{"line":10,"column":8602}},"136":{"start":{"line":10,"column":8556},"end":{"line":10,"column":8602}},"137":{"start":{"line":10,"column":8605},"end":{"line":10,"column":8633}},"138":{"start":{"line":10,"column":8748},"end":{"line":10,"column":9087}},"139":{"start":{"line":10,"column":8956},"end":{"line":10,"column":9087}},"140":{"start":{"line":10,"column":8981},"end":{"line":10,"column":9085}},"141":{"start":{"line":10,"column":9115},"end":{"line":10,"column":9130}},"142":{"start":{"line":10,"column":9148},"end":{"line":10,"column":9177}},"143":{"start":{"line":10,"column":9179},"end":{"line":10,"column":9233}},"144":{"start":{"line":10,"column":9212},"end":{"line":10,"column":9233}},"145":{"start":{"line":10,"column":9234},"end":{"line":10,"column":9251}},"146":{"start":{"line":10,"column":9314},"end":{"line":10,"column":9345}},"147":{"start":{"line":10,"column":9329},"end":{"line":10,"column":9345}},"148":{"start":{"line":10,"column":9360},"end":{"line":10,"column":9364}},"149":{"start":{"line":10,"column":9397},"end":{"line":10,"column":9542}},"150":{"start":{"line":10,"column":9545},"end":{"line":10,"column":10249}},"151":{"start":{"line":10,"column":9558},"end":{"line":10,"column":9584}},"152":{"start":{"line":10,"column":9613},"end":{"line":10,"column":9631}},"153":{"start":{"line":10,"column":9642},"end":{"line":10,"column":9658}},"154":{"start":{"line":10,"column":9660},"end":{"line":10,"column":9710}},"155":{"start":{"line":10,"column":9689},"end":{"line":10,"column":9710}},"156":{"start":{"line":10,"column":9711},"end":{"line":10,"column":10247}},"157":{"start":{"line":10,"column":9759},"end":{"line":10,"column":9789}},"158":{"start":{"line":10,"column":9804},"end":{"line":10,"column":9836}},"159":{"start":{"line":10,"column":9838},"end":{"line":10,"column":10245}},"160":{"start":{"line":10,"column":9868},"end":{"line":10,"column":9934}},"161":{"start":{"line":10,"column":9900},"end":{"line":10,"column":9934}},"162":{"start":{"line":10,"column":9935},"end":{"line":10,"column":10001}},"163":{"start":{"line":10,"column":9969},"end":{"line":10,"column":10001}},"164":{"start":{"line":10,"column":10009},"end":{"line":10,"column":10245}},"165":{"start":{"line":10,"column":10025},"end":{"line":10,"column":10091}},"166":{"start":{"line":10,"column":10057},"end":{"line":10,"column":10091}},"167":{"start":{"line":10,"column":10101},"end":{"line":10,"column":10176}},"168":{"start":{"line":10,"column":10118},"end":{"line":10,"column":10176}},"169":{"start":{"line":10,"column":10177},"end":{"line":10,"column":10243}},"170":{"start":{"line":10,"column":10211},"end":{"line":10,"column":10243}},"171":{"start":{"line":10,"column":10290},"end":{"line":10,"column":10515}},"172":{"start":{"line":10,"column":10303},"end":{"line":10,"column":10329}},"173":{"start":{"line":10,"column":10358},"end":{"line":10,"column":10376}},"174":{"start":{"line":10,"column":10378},"end":{"line":10,"column":10513}},"175":{"start":{"line":10,"column":10498},"end":{"line":10,"column":10503}},"176":{"start":{"line":10,"column":10505},"end":{"line":10,"column":10511}},"177":{"start":{"line":10,"column":10516},"end":{"line":10,"column":10663}},"178":{"start":{"line":10,"column":10677},"end":{"line":10,"column":10720}},"179":{"start":{"line":10,"column":10722},"end":{"line":10,"column":10884}},"180":{"start":{"line":10,"column":10936},"end":{"line":10,"column":10982}},"181":{"start":{"line":10,"column":10965},"end":{"line":10,"column":10982}},"182":{"start":{"line":10,"column":10983},"end":{"line":10,"column":11260}},"183":{"start":{"line":10,"column":11302},"end":{"line":10,"column":11524}},"184":{"start":{"line":10,"column":11315},"end":{"line":10,"column":11341}},"185":{"start":{"line":10,"column":11370},"end":{"line":10,"column":11388}},"186":{"start":{"line":10,"column":11390},"end":{"line":10,"column":11522}},"187":{"start":{"line":10,"column":11427},"end":{"line":10,"column":11522}},"188":{"start":{"line":10,"column":11563},"end":{"line":10,"column":11811}},"189":{"start":{"line":10,"column":11576},"end":{"line":10,"column":11602}},"190":{"start":{"line":10,"column":11631},"end":{"line":10,"column":11649}},"191":{"start":{"line":10,"column":11651},"end":{"line":10,"column":11809}},"192":{"start":{"line":10,"column":11695},"end":{"line":10,"column":11711}},"193":{"start":{"line":10,"column":11713},"end":{"line":10,"column":11792}},"194":{"start":{"line":10,"column":11757},"end":{"line":10,"column":11767}},"195":{"start":{"line":10,"column":11769},"end":{"line":10,"column":11790}},"196":{"start":{"line":10,"column":11793},"end":{"line":10,"column":11807}},"197":{"start":{"line":10,"column":11812},"end":{"line":10,"column":11853}},"198":{"start":{"line":10,"column":11928},"end":{"line":10,"column":12092}},"199":{"start":{"line":11,"column":77},"end":{"line":11,"column":175}},"200":{"start":{"line":11,"column":94},"end":{"line":11,"column":107}},"201":{"start":{"line":11,"column":121},"end":{"line":11,"column":131}},"202":{"start":{"line":11,"column":151},"end":{"line":11,"column":165}},"203":{"start":{"line":11,"column":166},"end":{"line":11,"column":173}},"204":{"start":{"line":11,"column":176},"end":{"line":11,"column":263}},"205":{"start":{"line":11,"column":193},"end":{"line":11,"column":208}},"206":{"start":{"line":11,"column":218},"end":{"line":11,"column":261}},"207":{"start":{"line":12,"column":33},"end":{"line":12,"column":387}},"208":{"start":{"line":12,"column":65},"end":{"line":12,"column":69}},"209":{"start":{"line":12,"column":78},"end":{"line":12,"column":87}},"210":{"start":{"line":12,"column":89},"end":{"line":12,"column":384}},"211":{"start":{"line":12,"column":147},"end":{"line":12,"column":167}},"212":{"start":{"line":12,"column":193},"end":{"line":12,"column":264}},"213":{"start":{"line":12,"column":290},"end":{"line":12,"column":360}},"214":{"start":{"line":12,"column":363},"end":{"line":12,"column":380}},"215":{"start":{"line":13,"column":14},"end":{"line":13,"column":69}},"216":{"start":{"line":14,"column":37},"end":{"line":47,"column":3}},"217":{"start":{"line":15,"column":13},"end":{"line":43,"column":5}},"218":{"start":{"line":17,"column":4},"end":{"line":42,"column":16}},"219":{"start":{"line":18,"column":6},"end":{"line":41,"column":7}},"220":{"start":{"line":19,"column":8},"end":{"line":40,"column":9}},"221":{"start":{"line":21,"column":12},"end":{"line":21,"column":30}},"222":{"start":{"line":22,"column":12},"end":{"line":25,"column":15}},"223":{"start":{"line":27,"column":12},"end":{"line":27,"column":35}},"224":{"start":{"line":28,"column":12},"end":{"line":28,"column":36}},"225":{"start":{"line":29,"column":12},"end":{"line":29,"column":30}},"226":{"start":{"line":30,"column":12},"end":{"line":32,"column":15}},"227":{"start":{"line":34,"column":12},"end":{"line":34,"column":35}},"228":{"start":{"line":35,"column":12},"end":{"line":35,"column":27}},"229":{"start":{"line":36,"column":12},"end":{"line":36,"column":53}},"230":{"start":{"line":39,"column":12},"end":{"line":39,"column":35}},"231":{"start":{"line":44,"column":2},"end":{"line":46,"column":4}},"232":{"start":{"line":45,"column":4},"end":{"line":45,"column":39}},"233":{"start":{"line":48,"column":0},"end":{"line":48,"column":46}},"234":{"start":{"line":49,"column":15},"end":{"line":51,"column":1}},"235":{"start":{"line":52,"column":0},"end":{"line":52,"column":30}}},"fnMap":{"0":{"name":"_typeof","decl":{"start":{"line":3,"column":9},"end":{"line":3,"column":16}},"loc":{"start":{"line":3,"column":22},"end":{"line":3,"column":336}},"line":3},"1":{"name":"(anonymous_1)","decl":{"start":{"line":3,"column":136},"end":{"line":3,"column":137}},"loc":{"start":{"line":3,"column":151},"end":{"line":3,"column":173}},"line":3},"2":{"name":"(anonymous_2)","decl":{"start":{"line":3,"column":176},"end":{"line":3,"column":177}},"loc":{"start":{"line":3,"column":191},"end":{"line":3,"column":319}},"line":3},"3":{"name":"_regeneratorRuntime","decl":{"start":{"line":10,"column":9},"end":{"line":10,"column":28}},"loc":{"start":{"line":10,"column":31},"end":{"line":10,"column":12108}},"line":10},"4":{"name":"_regeneratorRuntime","decl":{"start":{"line":10,"column":227},"end":{"line":10,"column":246}},"loc":{"start":{"line":10,"column":249},"end":{"line":10,"column":268}},"line":10},"5":{"name":"(anonymous_5)","decl":{"start":{"line":10,"column":381},"end":{"line":10,"column":382}},"loc":{"start":{"line":10,"column":407},"end":{"line":10,"column":433}},"line":10},"6":{"name":"define","decl":{"start":{"line":10,"column":674},"end":{"line":10,"column":680}},"loc":{"start":{"line":10,"column":698},"end":{"line":10,"column":817}},"line":10},"7":{"name":"define","decl":{"start":{"line":10,"column":874},"end":{"line":10,"column":880}},"loc":{"start":{"line":10,"column":898},"end":{"line":10,"column":926}},"line":10},"8":{"name":"wrap","decl":{"start":{"line":10,"column":939},"end":{"line":10,"column":943}},"loc":{"start":{"line":10,"column":981},"end":{"line":10,"column":1282}},"line":10},"9":{"name":"tryCatch","decl":{"start":{"line":10,"column":1292},"end":{"line":10,"column":1300}},"loc":{"start":{"line":10,"column":1315},"end":{"line":10,"column":1429}},"line":10},"10":{"name":"Generator","decl":{"start":{"line":10,"column":1487},"end":{"line":10,"column":1496}},"loc":{"start":{"line":10,"column":1499},"end":{"line":10,"column":1501}},"line":10},"11":{"name":"GeneratorFunction","decl":{"start":{"line":10,"column":1511},"end":{"line":10,"column":1528}},"loc":{"start":{"line":10,"column":1531},"end":{"line":10,"column":1533}},"line":10},"12":{"name":"GeneratorFunctionPrototype","decl":{"start":{"line":10,"column":1543},"end":{"line":10,"column":1569}},"loc":{"start":{"line":10,"column":1572},"end":{"line":10,"column":1574}},"line":10},"13":{"name":"(anonymous_13)","decl":{"start":{"line":10,"column":1645},"end":{"line":10,"column":1646}},"loc":{"start":{"line":10,"column":1657},"end":{"line":10,"column":1673}},"line":10},"14":{"name":"defineIteratorMethods","decl":{"start":{"line":10,"column":2061},"end":{"line":10,"column":2082}},"loc":{"start":{"line":10,"column":2094},"end":{"line":10,"column":2238}},"line":10},"15":{"name":"(anonymous_15)","decl":{"start":{"line":10,"column":2132},"end":{"line":10,"column":2133}},"loc":{"start":{"line":10,"column":2150},"end":{"line":10,"column":2234}},"line":10},"16":{"name":"(anonymous_16)","decl":{"start":{"line":10,"column":2178},"end":{"line":10,"column":2179}},"loc":{"start":{"line":10,"column":2193},"end":{"line":10,"column":2230}},"line":10},"17":{"name":"AsyncIterator","decl":{"start":{"line":10,"column":2248},"end":{"line":10,"column":2261}},"loc":{"start":{"line":10,"column":2286},"end":{"line":10,"column":3296}},"line":10},"18":{"name":"invoke","decl":{"start":{"line":10,"column":2297},"end":{"line":10,"column":2303}},"loc":{"start":{"line":10,"column":2334},"end":{"line":10,"column":2908}},"line":10},"19":{"name":"(anonymous_19)","decl":{"start":{"line":10,"column":2590},"end":{"line":10,"column":2591}},"loc":{"start":{"line":10,"column":2607},"end":{"line":10,"column":2650}},"line":10},"20":{"name":"(anonymous_20)","decl":{"start":{"line":10,"column":2652},"end":{"line":10,"column":2653}},"loc":{"start":{"line":10,"column":2667},"end":{"line":10,"column":2709}},"line":10},"21":{"name":"(anonymous_21)","decl":{"start":{"line":10,"column":2745},"end":{"line":10,"column":2746}},"loc":{"start":{"line":10,"column":2766},"end":{"line":10,"column":2812}},"line":10},"22":{"name":"(anonymous_22)","decl":{"start":{"line":10,"column":2814},"end":{"line":10,"column":2815}},"loc":{"start":{"line":10,"column":2831},"end":{"line":10,"column":2882}},"line":10},"23":{"name":"value","decl":{"start":{"line":10,"column":2980},"end":{"line":10,"column":2985}},"loc":{"start":{"line":10,"column":2999},"end":{"line":10,"column":3290}},"line":10},"24":{"name":"callInvokeWithMethodAndArg","decl":{"start":{"line":10,"column":3010},"end":{"line":10,"column":3036}},"loc":{"start":{"line":10,"column":3039},"end":{"line":10,"column":3136}},"line":10},"25":{"name":"(anonymous_25)","decl":{"start":{"line":10,"column":3064},"end":{"line":10,"column":3065}},"loc":{"start":{"line":10,"column":3091},"end":{"line":10,"column":3132}},"line":10},"26":{"name":"makeInvokeMethod","decl":{"start":{"line":10,"column":3306},"end":{"line":10,"column":3322}},"loc":{"start":{"line":10,"column":3347},"end":{"line":10,"column":4501}},"line":10},"27":{"name":"(anonymous_27)","decl":{"start":{"line":10,"column":3386},"end":{"line":10,"column":3387}},"loc":{"start":{"line":10,"column":3409},"end":{"line":10,"column":4498}},"line":10},"28":{"name":"maybeInvokeDelegate","decl":{"start":{"line":10,"column":4511},"end":{"line":10,"column":4530}},"loc":{"start":{"line":10,"column":4550},"end":{"line":10,"column":5621}},"line":10},"29":{"name":"pushTryEntry","decl":{"start":{"line":10,"column":5631},"end":{"line":10,"column":5643}},"loc":{"start":{"line":10,"column":5650},"end":{"line":10,"column":5825}},"line":10},"30":{"name":"resetTryEntry","decl":{"start":{"line":10,"column":5835},"end":{"line":10,"column":5848}},"loc":{"start":{"line":10,"column":5856},"end":{"line":10,"column":5966}},"line":10},"31":{"name":"Context","decl":{"start":{"line":10,"column":5976},"end":{"line":10,"column":5983}},"loc":{"start":{"line":10,"column":5997},"end":{"line":10,"column":6097}},"line":10},"32":{"name":"values","decl":{"start":{"line":10,"column":6107},"end":{"line":10,"column":6113}},"loc":{"start":{"line":10,"column":6124},"end":{"line":10,"column":6607}},"line":10},"33":{"name":"next","decl":{"start":{"line":10,"column":6363},"end":{"line":10,"column":6367}},"loc":{"start":{"line":10,"column":6370},"end":{"line":10,"column":6546}},"line":10},"34":{"name":"doneResult","decl":{"start":{"line":10,"column":6617},"end":{"line":10,"column":6627}},"loc":{"start":{"line":10,"column":6630},"end":{"line":10,"column":6672}},"line":10},"35":{"name":"(anonymous_35)","decl":{"start":{"line":10,"column":7075},"end":{"line":10,"column":7076}},"loc":{"start":{"line":10,"column":7093},"end":{"line":10,"column":7264}},"line":10},"36":{"name":"(anonymous_36)","decl":{"start":{"line":10,"column":7281},"end":{"line":10,"column":7282}},"loc":{"start":{"line":10,"column":7299},"end":{"line":10,"column":7544}},"line":10},"37":{"name":"(anonymous_37)","decl":{"start":{"line":10,"column":7562},"end":{"line":10,"column":7563}},"loc":{"start":{"line":10,"column":7577},"end":{"line":10,"column":7605}},"line":10},"38":{"name":"(anonymous_38)","decl":{"start":{"line":10,"column":7708},"end":{"line":10,"column":7709}},"loc":{"start":{"line":10,"column":7720},"end":{"line":10,"column":7736}},"line":10},"39":{"name":"(anonymous_39)","decl":{"start":{"line":10,"column":7794},"end":{"line":10,"column":7795}},"loc":{"start":{"line":10,"column":7854},"end":{"line":10,"column":8137}},"line":10},"40":{"name":"(anonymous_40)","decl":{"start":{"line":10,"column":8063},"end":{"line":10,"column":8064}},"loc":{"start":{"line":10,"column":8081},"end":{"line":10,"column":8133}},"line":10},"41":{"name":"(anonymous_41)","decl":{"start":{"line":10,"column":8237},"end":{"line":10,"column":8238}},"loc":{"start":{"line":10,"column":8249},"end":{"line":10,"column":8265}},"line":10},"42":{"name":"(anonymous_42)","decl":{"start":{"line":10,"column":8291},"end":{"line":10,"column":8292}},"loc":{"start":{"line":10,"column":8303},"end":{"line":10,"column":8335}},"line":10},"43":{"name":"(anonymous_43)","decl":{"start":{"line":10,"column":8353},"end":{"line":10,"column":8354}},"loc":{"start":{"line":10,"column":8368},"end":{"line":10,"column":8638}},"line":10},"44":{"name":"next","decl":{"start":{"line":10,"column":8483},"end":{"line":10,"column":8487}},"loc":{"start":{"line":10,"column":8490},"end":{"line":10,"column":8635}},"line":10},"45":{"name":"reset","decl":{"start":{"line":10,"column":8725},"end":{"line":10,"column":8730}},"loc":{"start":{"line":10,"column":8746},"end":{"line":10,"column":9089}},"line":10},"46":{"name":"stop","decl":{"start":{"line":10,"column":9106},"end":{"line":10,"column":9110}},"loc":{"start":{"line":10,"column":9113},"end":{"line":10,"column":9253}},"line":10},"47":{"name":"dispatchException","decl":{"start":{"line":10,"column":9283},"end":{"line":10,"column":9300}},"loc":{"start":{"line":10,"column":9312},"end":{"line":10,"column":10251}},"line":10},"48":{"name":"handle","decl":{"start":{"line":10,"column":9375},"end":{"line":10,"column":9381}},"loc":{"start":{"line":10,"column":9395},"end":{"line":10,"column":9544}},"line":10},"49":{"name":"abrupt","decl":{"start":{"line":10,"column":10270},"end":{"line":10,"column":10276}},"loc":{"start":{"line":10,"column":10288},"end":{"line":10,"column":10886}},"line":10},"50":{"name":"complete","decl":{"start":{"line":10,"column":10907},"end":{"line":10,"column":10915}},"loc":{"start":{"line":10,"column":10934},"end":{"line":10,"column":11262}},"line":10},"51":{"name":"finish","decl":{"start":{"line":10,"column":11281},"end":{"line":10,"column":11287}},"loc":{"start":{"line":10,"column":11300},"end":{"line":10,"column":11526}},"line":10},"52":{"name":"_catch","decl":{"start":{"line":10,"column":11546},"end":{"line":10,"column":11552}},"loc":{"start":{"line":10,"column":11561},"end":{"line":10,"column":11855}},"line":10},"53":{"name":"delegateYield","decl":{"start":{"line":10,"column":11881},"end":{"line":10,"column":11894}},"loc":{"start":{"line":10,"column":11926},"end":{"line":10,"column":12094}},"line":10},"54":{"name":"asyncGeneratorStep","decl":{"start":{"line":11,"column":9},"end":{"line":11,"column":27}},"loc":{"start":{"line":11,"column":75},"end":{"line":11,"column":265}},"line":11},"55":{"name":"_asyncToGenerator","decl":{"start":{"line":12,"column":9},"end":{"line":12,"column":26}},"loc":{"start":{"line":12,"column":31},"end":{"line":12,"column":389}},"line":12},"56":{"name":"(anonymous_56)","decl":{"start":{"line":12,"column":40},"end":{"line":12,"column":41}},"loc":{"start":{"line":12,"column":52},"end":{"line":12,"column":386}},"line":12},"57":{"name":"(anonymous_57)","decl":{"start":{"line":12,"column":108},"end":{"line":12,"column":109}},"loc":{"start":{"line":12,"column":135},"end":{"line":12,"column":382}},"line":12},"58":{"name":"_next","decl":{"start":{"line":12,"column":178},"end":{"line":12,"column":183}},"loc":{"start":{"line":12,"column":191},"end":{"line":12,"column":266}},"line":12},"59":{"name":"_throw","decl":{"start":{"line":12,"column":276},"end":{"line":12,"column":282}},"loc":{"start":{"line":12,"column":288},"end":{"line":12,"column":362}},"line":12},"60":{"name":"(anonymous_60)","decl":{"start":{"line":14,"column":37},"end":{"line":14,"column":38}},"loc":{"start":{"line":14,"column":49},"end":{"line":47,"column":1}},"line":14},"61":{"name":"_callee","decl":{"start":{"line":15,"column":81},"end":{"line":15,"column":88}},"loc":{"start":{"line":15,"column":99},"end":{"line":43,"column":3}},"line":15},"62":{"name":"_callee$","decl":{"start":{"line":17,"column":47},"end":{"line":17,"column":55}},"loc":{"start":{"line":17,"column":66},"end":{"line":42,"column":5}},"line":17},"63":{"name":"getUserByUsername","decl":{"start":{"line":44,"column":18},"end":{"line":44,"column":35}},"loc":{"start":{"line":44,"column":40},"end":{"line":46,"column":3}},"line":44}},"branchMap":{"0":{"loc":{"start":{"line":3,"column":68},"end":{"line":3,"column":319}},"type":"cond-expr","locations":[{"start":{"line":3,"column":136},"end":{"line":3,"column":173}},{"start":{"line":3,"column":176},"end":{"line":3,"column":319}}],"line":3},"1":{"loc":{"start":{"line":3,"column":68},"end":{"line":3,"column":133}},"type":"binary-expr","locations":[{"start":{"line":3,"column":68},"end":{"line":3,"column":95}},{"start":{"line":3,"column":99},"end":{"line":3,"column":133}}],"line":3},"2":{"loc":{"start":{"line":3,"column":200},"end":{"line":3,"column":316}},"type":"cond-expr","locations":[{"start":{"line":3,"column":295},"end":{"line":3,"column":303}},{"start":{"line":3,"column":306},"end":{"line":3,"column":316}}],"line":3},"3":{"loc":{"start":{"line":3,"column":200},"end":{"line":3,"column":292}},"type":"binary-expr","locations":[{"start":{"line":3,"column":200},"end":{"line":3,"column":203}},{"start":{"line":3,"column":207},"end":{"line":3,"column":234}},{"start":{"line":3,"column":238},"end":{"line":3,"column":264}},{"start":{"line":3,"column":268},"end":{"line":3,"column":292}}],"line":3},"4":{"loc":{"start":{"line":10,"column":356},"end":{"line":10,"column":433}},"type":"binary-expr","locations":[{"start":{"line":10,"column":356},"end":{"line":10,"column":377}},{"start":{"line":10,"column":381},"end":{"line":10,"column":433}}],"line":10},"5":{"loc":{"start":{"line":10,"column":445},"end":{"line":10,"column":486}},"type":"cond-expr","locations":[{"start":{"line":10,"column":475},"end":{"line":10,"column":481}},{"start":{"line":10,"column":484},"end":{"line":10,"column":486}}],"line":10},"6":{"loc":{"start":{"line":10,"column":505},"end":{"line":10,"column":537}},"type":"binary-expr","locations":[{"start":{"line":10,"column":505},"end":{"line":10,"column":521}},{"start":{"line":10,"column":525},"end":{"line":10,"column":537}}],"line":10},"7":{"loc":{"start":{"line":10,"column":561},"end":{"line":10,"column":603}},"type":"binary-expr","locations":[{"start":{"line":10,"column":561},"end":{"line":10,"column":582}},{"start":{"line":10,"column":586},"end":{"line":10,"column":603}}],"line":10},"8":{"loc":{"start":{"line":10,"column":625},"end":{"line":10,"column":663}},"type":"binary-expr","locations":[{"start":{"line":10,"column":625},"end":{"line":10,"column":644}},{"start":{"line":10,"column":648},"end":{"line":10,"column":663}}],"line":10},"9":{"loc":{"start":{"line":10,"column":1004},"end":{"line":10,"column":1075}},"type":"cond-expr","locations":[{"start":{"line":10,"column":1056},"end":{"line":10,"column":1063}},{"start":{"line":10,"column":1066},"end":{"line":10,"column":1075}}],"line":10},"10":{"loc":{"start":{"line":10,"column":1004},"end":{"line":10,"column":1053}},"type":"binary-expr","locations":[{"start":{"line":10,"column":1004},"end":{"line":10,"column":1011}},{"start":{"line":10,"column":1015},"end":{"line":10,"column":1053}}],"line":10},"11":{"loc":{"start":{"line":10,"column":1152},"end":{"line":10,"column":1169}},"type":"binary-expr","locations":[{"start":{"line":10,"column":1152},"end":{"line":10,"column":1163}},{"start":{"line":10,"column":1167},"end":{"line":10,"column":1169}}],"line":10},"12":{"loc":{"start":{"line":10,"column":1740},"end":{"line":10,"column":1782}},"type":"binary-expr","locations":[{"start":{"line":10,"column":1740},"end":{"line":10,"column":1748}},{"start":{"line":10,"column":1752},"end":{"line":10,"column":1782}}],"line":10},"13":{"loc":{"start":{"line":10,"column":1784},"end":{"line":10,"column":1946}},"type":"binary-expr","locations":[{"start":{"line":10,"column":1784},"end":{"line":10,"column":1807}},{"start":{"line":10,"column":1811},"end":{"line":10,"column":1841}},{"start":{"line":10,"column":1845},"end":{"line":10,"column":1897}},{"start":{"line":10,"column":1902},"end":{"line":10,"column":1945}}],"line":10},"14":{"loc":{"start":{"line":10,"column":2394},"end":{"line":10,"column":2886}},"type":"if","locations":[{"start":{"line":10,"column":2394},"end":{"line":10,"column":2886}},{"start":{"line":10,"column":2394},"end":{"line":10,"column":2886}}],"line":10},"15":{"loc":{"start":{"line":10,"column":2479},"end":{"line":10,"column":2883}},"type":"cond-expr","locations":[{"start":{"line":10,"column":2550},"end":{"line":10,"column":2710}},{"start":{"line":10,"column":2713},"end":{"line":10,"column":2883}}],"line":10},"16":{"loc":{"start":{"line":10,"column":2479},"end":{"line":10,"column":2547}},"type":"binary-expr","locations":[{"start":{"line":10,"column":2479},"end":{"line":10,"column":2484}},{"start":{"line":10,"column":2488},"end":{"line":10,"column":2514}},{"start":{"line":10,"column":2518},"end":{"line":10,"column":2547}}],"line":10},"17":{"loc":{"start":{"line":10,"column":3162},"end":{"line":10,"column":3287}},"type":"cond-expr","locations":[{"start":{"line":10,"column":3180},"end":{"line":10,"column":3256}},{"start":{"line":10,"column":3259},"end":{"line":10,"column":3287}}],"line":10},"18":{"loc":{"start":{"line":10,"column":3411},"end":{"line":10,"column":3486}},"type":"if","locations":[{"start":{"line":10,"column":3411},"end":{"line":10,"column":3486}},{"start":{"line":10,"column":3411},"end":{"line":10,"column":3486}}],"line":10},"19":{"loc":{"start":{"line":10,"column":3487},"end":{"line":10,"column":3573}},"type":"if","locations":[{"start":{"line":10,"column":3487},"end":{"line":10,"column":3573}},{"start":{"line":10,"column":3487},"end":{"line":10,"column":3573}}],"line":10},"20":{"loc":{"start":{"line":10,"column":3516},"end":{"line":10,"column":3550}},"type":"if","locations":[{"start":{"line":10,"column":3516},"end":{"line":10,"column":3550}},{"start":{"line":10,"column":3516},"end":{"line":10,"column":3550}}],"line":10},"21":{"loc":{"start":{"line":10,"column":3660},"end":{"line":10,"column":3836}},"type":"if","locations":[{"start":{"line":10,"column":3660},"end":{"line":10,"column":3836}},{"start":{"line":10,"column":3660},"end":{"line":10,"column":3836}}],"line":10},"22":{"loc":{"start":{"line":10,"column":3737},"end":{"line":10,"column":3834}},"type":"if","locations":[{"start":{"line":10,"column":3737},"end":{"line":10,"column":3834}},{"start":{"line":10,"column":3737},"end":{"line":10,"column":3834}}],"line":10},"23":{"loc":{"start":{"line":10,"column":3759},"end":{"line":10,"column":3809}},"type":"if","locations":[{"start":{"line":10,"column":3759},"end":{"line":10,"column":3809}},{"start":{"line":10,"column":3759},"end":{"line":10,"column":3809}}],"line":10},"24":{"loc":{"start":{"line":10,"column":3837},"end":{"line":10,"column":4138}},"type":"if","locations":[{"start":{"line":10,"column":3837},"end":{"line":10,"column":4138}},{"start":{"line":10,"column":3837},"end":{"line":10,"column":4138}}],"line":10},"25":{"loc":{"start":{"line":10,"column":3916},"end":{"line":10,"column":4138}},"type":"if","locations":[{"start":{"line":10,"column":3916},"end":{"line":10,"column":4138}},{"start":{"line":10,"column":3916},"end":{"line":10,"column":4138}}],"line":10},"26":{"loc":{"start":{"line":10,"column":3950},"end":{"line":10,"column":4021}},"type":"if","locations":[{"start":{"line":10,"column":3950},"end":{"line":10,"column":4021}},{"start":{"line":10,"column":3950},"end":{"line":10,"column":4021}}],"line":10},"27":{"loc":{"start":{"line":10,"column":4069},"end":{"line":10,"column":4137}},"type":"binary-expr","locations":[{"start":{"line":10,"column":4069},"end":{"line":10,"column":4096}},{"start":{"line":10,"column":4100},"end":{"line":10,"column":4137}}],"line":10},"28":{"loc":{"start":{"line":10,"column":4207},"end":{"line":10,"column":4392}},"type":"if","locations":[{"start":{"line":10,"column":4207},"end":{"line":10,"column":4392}},{"start":{"line":10,"column":4207},"end":{"line":10,"column":4392}}],"line":10},"29":{"loc":{"start":{"line":10,"column":4239},"end":{"line":10,"column":4340}},"type":"if","locations":[{"start":{"line":10,"column":4239},"end":{"line":10,"column":4340}},{"start":{"line":10,"column":4239},"end":{"line":10,"column":4340}}],"line":10},"30":{"loc":{"start":{"line":10,"column":4251},"end":{"line":10,"column":4296}},"type":"cond-expr","locations":[{"start":{"line":10,"column":4266},"end":{"line":10,"column":4277}},{"start":{"line":10,"column":4280},"end":{"line":10,"column":4296}}],"line":10},"31":{"loc":{"start":{"line":10,"column":4393},"end":{"line":10,"column":4493}},"type":"binary-expr","locations":[{"start":{"line":10,"column":4393},"end":{"line":10,"column":4416}},{"start":{"line":10,"column":4421},"end":{"line":10,"column":4492}}],"line":10},"32":{"loc":{"start":{"line":10,"column":4625},"end":{"line":10,"column":5028}},"type":"if","locations":[{"start":{"line":10,"column":4625},"end":{"line":10,"column":5028}},{"start":{"line":10,"column":4625},"end":{"line":10,"column":5028}}],"line":10},"33":{"loc":{"start":{"line":10,"column":4683},"end":{"line":10,"column":5009}},"type":"binary-expr","locations":[{"start":{"line":10,"column":4683},"end":{"line":10,"column":4705}},{"start":{"line":10,"column":4709},"end":{"line":10,"column":4736}},{"start":{"line":10,"column":4741},"end":{"line":10,"column":4859}},{"start":{"line":10,"column":4864},"end":{"line":10,"column":4887}},{"start":{"line":10,"column":4892},"end":{"line":10,"column":5008}}],"line":10},"34":{"loc":{"start":{"line":10,"column":5092},"end":{"line":10,"column":5222}},"type":"if","locations":[{"start":{"line":10,"column":5092},"end":{"line":10,"column":5222}},{"start":{"line":10,"column":5092},"end":{"line":10,"column":5222}}],"line":10},"35":{"loc":{"start":{"line":10,"column":5253},"end":{"line":10,"column":5618}},"type":"cond-expr","locations":[{"start":{"line":10,"column":5260},"end":{"line":10,"column":5481}},{"start":{"line":10,"column":5485},"end":{"line":10,"column":5617}}],"line":10},"36":{"loc":{"start":{"line":10,"column":5260},"end":{"line":10,"column":5481}},"type":"cond-expr","locations":[{"start":{"line":10,"column":5273},"end":{"line":10,"column":5473}},{"start":{"line":10,"column":5477},"end":{"line":10,"column":5481}}],"line":10},"37":{"loc":{"start":{"line":10,"column":5349},"end":{"line":10,"column":5430}},"type":"binary-expr","locations":[{"start":{"line":10,"column":5349},"end":{"line":10,"column":5376}},{"start":{"line":10,"column":5381},"end":{"line":10,"column":5429}}],"line":10},"38":{"loc":{"start":{"line":10,"column":5685},"end":{"line":10,"column":5724}},"type":"binary-expr","locations":[{"start":{"line":10,"column":5685},"end":{"line":10,"column":5694}},{"start":{"line":10,"column":5699},"end":{"line":10,"column":5723}}],"line":10},"39":{"loc":{"start":{"line":10,"column":5726},"end":{"line":10,"column":5793}},"type":"binary-expr","locations":[{"start":{"line":10,"column":5726},"end":{"line":10,"column":5735}},{"start":{"line":10,"column":5740},"end":{"line":10,"column":5792}}],"line":10},"40":{"loc":{"start":{"line":10,"column":5871},"end":{"line":10,"column":5893}},"type":"binary-expr","locations":[{"start":{"line":10,"column":5871},"end":{"line":10,"column":5887}},{"start":{"line":10,"column":5891},"end":{"line":10,"column":5893}}],"line":10},"41":{"loc":{"start":{"line":10,"column":6126},"end":{"line":10,"column":6576}},"type":"if","locations":[{"start":{"line":10,"column":6126},"end":{"line":10,"column":6576}},{"start":{"line":10,"column":6126},"end":{"line":10,"column":6576}}],"line":10},"42":{"loc":{"start":{"line":10,"column":6189},"end":{"line":10,"column":6246}},"type":"if","locations":[{"start":{"line":10,"column":6189},"end":{"line":10,"column":6246}},{"start":{"line":10,"column":6189},"end":{"line":10,"column":6246}}],"line":10},"43":{"loc":{"start":{"line":10,"column":6247},"end":{"line":10,"column":6303}},"type":"if","locations":[{"start":{"line":10,"column":6247},"end":{"line":10,"column":6303}},{"start":{"line":10,"column":6247},"end":{"line":10,"column":6303}}],"line":10},"44":{"loc":{"start":{"line":10,"column":6304},"end":{"line":10,"column":6574}},"type":"if","locations":[{"start":{"line":10,"column":6304},"end":{"line":10,"column":6574}},{"start":{"line":10,"column":6304},"end":{"line":10,"column":6574}}],"line":10},"45":{"loc":{"start":{"line":10,"column":6405},"end":{"line":10,"column":6489}},"type":"if","locations":[{"start":{"line":10,"column":6405},"end":{"line":10,"column":6489}},{"start":{"line":10,"column":6405},"end":{"line":10,"column":6489}}],"line":10},"46":{"loc":{"start":{"line":10,"column":7106},"end":{"line":10,"column":7155}},"type":"binary-expr","locations":[{"start":{"line":10,"column":7106},"end":{"line":10,"column":7133}},{"start":{"line":10,"column":7137},"end":{"line":10,"column":7155}}],"line":10},"47":{"loc":{"start":{"line":10,"column":7164},"end":{"line":10,"column":7261}},"type":"binary-expr","locations":[{"start":{"line":10,"column":7164},"end":{"line":10,"column":7170}},{"start":{"line":10,"column":7175},"end":{"line":10,"column":7201}},{"start":{"line":10,"column":7205},"end":{"line":10,"column":7260}}],"line":10},"48":{"loc":{"start":{"line":10,"column":7230},"end":{"line":10,"column":7259}},"type":"binary-expr","locations":[{"start":{"line":10,"column":7230},"end":{"line":10,"column":7246}},{"start":{"line":10,"column":7250},"end":{"line":10,"column":7259}}],"line":10},"49":{"loc":{"start":{"line":10,"column":7308},"end":{"line":10,"column":7495}},"type":"cond-expr","locations":[{"start":{"line":10,"column":7332},"end":{"line":10,"column":7389}},{"start":{"line":10,"column":7393},"end":{"line":10,"column":7494}}],"line":10},"50":{"loc":{"start":{"line":10,"column":7856},"end":{"line":10,"column":7905}},"type":"binary-expr","locations":[{"start":{"line":10,"column":7856},"end":{"line":10,"column":7878}},{"start":{"line":10,"column":7883},"end":{"line":10,"column":7904}}],"line":10},"51":{"loc":{"start":{"line":10,"column":8000},"end":{"line":10,"column":8134}},"type":"cond-expr","locations":[{"start":{"line":10,"column":8039},"end":{"line":10,"column":8043}},{"start":{"line":10,"column":8046},"end":{"line":10,"column":8134}}],"line":10},"52":{"loc":{"start":{"line":10,"column":8090},"end":{"line":10,"column":8130}},"type":"cond-expr","locations":[{"start":{"line":10,"column":8104},"end":{"line":10,"column":8116}},{"start":{"line":10,"column":8119},"end":{"line":10,"column":8130}}],"line":10},"53":{"loc":{"start":{"line":10,"column":8537},"end":{"line":10,"column":8602}},"type":"if","locations":[{"start":{"line":10,"column":8537},"end":{"line":10,"column":8602}},{"start":{"line":10,"column":8537},"end":{"line":10,"column":8602}}],"line":10},"54":{"loc":{"start":{"line":10,"column":8748},"end":{"line":10,"column":9087}},"type":"if","locations":[{"start":{"line":10,"column":8748},"end":{"line":10,"column":9087}},{"start":{"line":10,"column":8748},"end":{"line":10,"column":9087}}],"line":10},"55":{"loc":{"start":{"line":10,"column":8981},"end":{"line":10,"column":9084}},"type":"binary-expr","locations":[{"start":{"line":10,"column":8981},"end":{"line":10,"column":9003}},{"start":{"line":10,"column":9007},"end":{"line":10,"column":9030}},{"start":{"line":10,"column":9034},"end":{"line":10,"column":9056}},{"start":{"line":10,"column":9061},"end":{"line":10,"column":9083}}],"line":10},"56":{"loc":{"start":{"line":10,"column":9179},"end":{"line":10,"column":9233}},"type":"if","locations":[{"start":{"line":10,"column":9179},"end":{"line":10,"column":9233}},{"start":{"line":10,"column":9179},"end":{"line":10,"column":9233}}],"line":10},"57":{"loc":{"start":{"line":10,"column":9314},"end":{"line":10,"column":9345}},"type":"if","locations":[{"start":{"line":10,"column":9314},"end":{"line":10,"column":9345}},{"start":{"line":10,"column":9314},"end":{"line":10,"column":9345}}],"line":10},"58":{"loc":{"start":{"line":10,"column":9471},"end":{"line":10,"column":9531}},"type":"binary-expr","locations":[{"start":{"line":10,"column":9471},"end":{"line":10,"column":9477}},{"start":{"line":10,"column":9482},"end":{"line":10,"column":9530}}],"line":10},"59":{"loc":{"start":{"line":10,"column":9660},"end":{"line":10,"column":9710}},"type":"if","locations":[{"start":{"line":10,"column":9660},"end":{"line":10,"column":9710}},{"start":{"line":10,"column":9660},"end":{"line":10,"column":9710}}],"line":10},"60":{"loc":{"start":{"line":10,"column":9711},"end":{"line":10,"column":10247}},"type":"if","locations":[{"start":{"line":10,"column":9711},"end":{"line":10,"column":10247}},{"start":{"line":10,"column":9711},"end":{"line":10,"column":10247}}],"line":10},"61":{"loc":{"start":{"line":10,"column":9838},"end":{"line":10,"column":10245}},"type":"if","locations":[{"start":{"line":10,"column":9838},"end":{"line":10,"column":10245}},{"start":{"line":10,"column":9838},"end":{"line":10,"column":10245}}],"line":10},"62":{"loc":{"start":{"line":10,"column":9842},"end":{"line":10,"column":9864}},"type":"binary-expr","locations":[{"start":{"line":10,"column":9842},"end":{"line":10,"column":9850}},{"start":{"line":10,"column":9854},"end":{"line":10,"column":9864}}],"line":10},"63":{"loc":{"start":{"line":10,"column":9868},"end":{"line":10,"column":9934}},"type":"if","locations":[{"start":{"line":10,"column":9868},"end":{"line":10,"column":9934}},{"start":{"line":10,"column":9868},"end":{"line":10,"column":9934}}],"line":10},"64":{"loc":{"start":{"line":10,"column":9935},"end":{"line":10,"column":10001}},"type":"if","locations":[{"start":{"line":10,"column":9935},"end":{"line":10,"column":10001}},{"start":{"line":10,"column":9935},"end":{"line":10,"column":10001}}],"line":10},"65":{"loc":{"start":{"line":10,"column":10009},"end":{"line":10,"column":10245}},"type":"if","locations":[{"start":{"line":10,"column":10009},"end":{"line":10,"column":10245}},{"start":{"line":10,"column":10009},"end":{"line":10,"column":10245}}],"line":10},"66":{"loc":{"start":{"line":10,"column":10025},"end":{"line":10,"column":10091}},"type":"if","locations":[{"start":{"line":10,"column":10025},"end":{"line":10,"column":10091}},{"start":{"line":10,"column":10025},"end":{"line":10,"column":10091}}],"line":10},"67":{"loc":{"start":{"line":10,"column":10101},"end":{"line":10,"column":10176}},"type":"if","locations":[{"start":{"line":10,"column":10101},"end":{"line":10,"column":10176}},{"start":{"line":10,"column":10101},"end":{"line":10,"column":10176}}],"line":10},"68":{"loc":{"start":{"line":10,"column":10177},"end":{"line":10,"column":10243}},"type":"if","locations":[{"start":{"line":10,"column":10177},"end":{"line":10,"column":10243}},{"start":{"line":10,"column":10177},"end":{"line":10,"column":10243}}],"line":10},"69":{"loc":{"start":{"line":10,"column":10378},"end":{"line":10,"column":10513}},"type":"if","locations":[{"start":{"line":10,"column":10378},"end":{"line":10,"column":10513}},{"start":{"line":10,"column":10378},"end":{"line":10,"column":10513}}],"line":10},"70":{"loc":{"start":{"line":10,"column":10382},"end":{"line":10,"column":10475}},"type":"binary-expr","locations":[{"start":{"line":10,"column":10382},"end":{"line":10,"column":10407}},{"start":{"line":10,"column":10411},"end":{"line":10,"column":10443}},{"start":{"line":10,"column":10447},"end":{"line":10,"column":10475}}],"line":10},"71":{"loc":{"start":{"line":10,"column":10516},"end":{"line":10,"column":10662}},"type":"binary-expr","locations":[{"start":{"line":10,"column":10516},"end":{"line":10,"column":10528}},{"start":{"line":10,"column":10533},"end":{"line":10,"column":10549}},{"start":{"line":10,"column":10553},"end":{"line":10,"column":10572}},{"start":{"line":10,"column":10577},"end":{"line":10,"column":10603}},{"start":{"line":10,"column":10607},"end":{"line":10,"column":10637}},{"start":{"line":10,"column":10642},"end":{"line":10,"column":10661}}],"line":10},"72":{"loc":{"start":{"line":10,"column":10677},"end":{"line":10,"column":10720}},"type":"cond-expr","locations":[{"start":{"line":10,"column":10692},"end":{"line":10,"column":10715}},{"start":{"line":10,"column":10718},"end":{"line":10,"column":10720}}],"line":10},"73":{"loc":{"start":{"line":10,"column":10767},"end":{"line":10,"column":10883}},"type":"cond-expr","locations":[{"start":{"line":10,"column":10783},"end":{"line":10,"column":10858}},{"start":{"line":10,"column":10862},"end":{"line":10,"column":10883}}],"line":10},"74":{"loc":{"start":{"line":10,"column":10936},"end":{"line":10,"column":10982}},"type":"if","locations":[{"start":{"line":10,"column":10936},"end":{"line":10,"column":10982}},{"start":{"line":10,"column":10936},"end":{"line":10,"column":10982}}],"line":10},"75":{"loc":{"start":{"line":10,"column":10990},"end":{"line":10,"column":11241}},"type":"cond-expr","locations":[{"start":{"line":10,"column":11046},"end":{"line":10,"column":11068}},{"start":{"line":10,"column":11071},"end":{"line":10,"column":11241}}],"line":10},"76":{"loc":{"start":{"line":10,"column":10990},"end":{"line":10,"column":11043}},"type":"binary-expr","locations":[{"start":{"line":10,"column":10990},"end":{"line":10,"column":11013}},{"start":{"line":10,"column":11017},"end":{"line":10,"column":11043}}],"line":10},"77":{"loc":{"start":{"line":10,"column":11071},"end":{"line":10,"column":11241}},"type":"cond-expr","locations":[{"start":{"line":10,"column":11099},"end":{"line":10,"column":11175}},{"start":{"line":10,"column":11179},"end":{"line":10,"column":11241}}],"line":10},"78":{"loc":{"start":{"line":10,"column":11179},"end":{"line":10,"column":11241}},"type":"binary-expr","locations":[{"start":{"line":10,"column":11179},"end":{"line":10,"column":11203}},{"start":{"line":10,"column":11207},"end":{"line":10,"column":11215}},{"start":{"line":10,"column":11220},"end":{"line":10,"column":11240}}],"line":10},"79":{"loc":{"start":{"line":10,"column":11390},"end":{"line":10,"column":11522}},"type":"if","locations":[{"start":{"line":10,"column":11390},"end":{"line":10,"column":11522}},{"start":{"line":10,"column":11390},"end":{"line":10,"column":11522}}],"line":10},"80":{"loc":{"start":{"line":10,"column":11651},"end":{"line":10,"column":11809}},"type":"if","locations":[{"start":{"line":10,"column":11651},"end":{"line":10,"column":11809}},{"start":{"line":10,"column":11651},"end":{"line":10,"column":11809}}],"line":10},"81":{"loc":{"start":{"line":10,"column":11713},"end":{"line":10,"column":11792}},"type":"if","locations":[{"start":{"line":10,"column":11713},"end":{"line":10,"column":11792}},{"start":{"line":10,"column":11713},"end":{"line":10,"column":11792}}],"line":10},"82":{"loc":{"start":{"line":10,"column":12025},"end":{"line":10,"column":12073}},"type":"binary-expr","locations":[{"start":{"line":10,"column":12025},"end":{"line":10,"column":12047}},{"start":{"line":10,"column":12052},"end":{"line":10,"column":12072}}],"line":10},"83":{"loc":{"start":{"line":11,"column":176},"end":{"line":11,"column":263}},"type":"if","locations":[{"start":{"line":11,"column":176},"end":{"line":11,"column":263}},{"start":{"line":11,"column":176},"end":{"line":11,"column":263}}],"line":11},"84":{"loc":{"start":{"line":13,"column":14},"end":{"line":13,"column":69}},"type":"cond-expr","locations":[{"start":{"line":13,"column":48},"end":{"line":13,"column":57}},{"start":{"line":13,"column":60},"end":{"line":13,"column":69}}],"line":13},"85":{"loc":{"start":{"line":19,"column":8},"end":{"line":40,"column":9}},"type":"switch","locations":[{"start":{"line":20,"column":10},"end":{"line":25,"column":15}},{"start":{"line":26,"column":10},"end":{"line":32,"column":15}},{"start":{"line":33,"column":10},"end":{"line":36,"column":53}},{"start":{"line":37,"column":10},"end":{"line":37,"column":17}},{"start":{"line":38,"column":10},"end":{"line":39,"column":35}}],"line":19}},"s":{"0":0,"1":0,"2":0,"3":1,"4":1,"5":1,"6":1,"7":1,"8":2,"9":1,"10":1,"11":1,"12":1,"13":0,"14":1,"15":1,"16":1,"17":1,"18":13,"19":1,"20":1,"21":0,"22":0,"23":2,"24":2,"25":2,"26":2,"27":8,"28":8,"29":0,"30":1,"31":1,"32":1,"33":1,"34":0,"35":1,"36":1,"37":1,"38":1,"39":2,"40":6,"41":6,"42":0,"43":0,"44":0,"45":0,"46":0,"47":0,"48":0,"49":0,"50":0,"51":0,"52":0,"53":0,"54":0,"55":0,"56":2,"57":2,"58":6,"59":0,"60":6,"61":0,"62":0,"63":0,"64":6,"65":8,"66":8,"67":0,"68":0,"69":0,"70":0,"71":0,"72":8,"73":6,"74":2,"75":0,"76":0,"77":0,"78":2,"79":8,"80":8,"81":8,"82":8,"83":2,"84":6,"85":0,"86":0,"87":0,"88":0,"89":0,"90":0,"91":0,"92":0,"93":0,"94":0,"95":0,"96":0,"97":2,"98":2,"99":2,"100":1,"101":1,"102":1,"103":1,"104":0,"105":0,"106":0,"107":0,"108":0,"109":0,"110":0,"111":0,"112":0,"113":0,"114":0,"115":0,"116":1,"117":0,"118":0,"119":1,"120":0,"121":0,"122":0,"123":0,"124":0,"125":0,"126":0,"127":0,"128":0,"129":0,"130":0,"131":0,"132":0,"133":0,"134":0,"135":0,"136":0,"137":0,"138":2,"139":0,"140":0,"141":2,"142":2,"143":2,"144":0,"145":2,"146":0,"147":0,"148":0,"149":0,"150":0,"151":0,"152":0,"153":0,"154":0,"155":0,"156":0,"157":0,"158":0,"159":0,"160":0,"161":0,"162":0,"163":0,"164":0,"165":0,"166":0,"167":0,"168":0,"169":0,"170":0,"171":4,"172":4,"173":4,"174":4,"175":0,"176":0,"177":4,"178":4,"179":4,"180":4,"181":0,"182":4,"183":0,"184":0,"185":0,"186":0,"187":0,"188":0,"189":0,"190":0,"191":0,"192":0,"193":0,"194":0,"195":0,"196":0,"197":0,"198":0,"199":6,"200":6,"201":6,"202":0,"203":0,"204":6,"205":2,"206":4,"207":1,"208":2,"209":2,"210":2,"211":2,"212":6,"213":0,"214":2,"215":1,"216":1,"217":1,"218":2,"219":8,"220":8,"221":2,"222":2,"223":2,"224":2,"225":2,"226":2,"227":2,"228":2,"229":2,"230":2,"231":1,"232":2,"233":1,"234":1,"235":1},"f":{"0":0,"1":0,"2":0,"3":1,"4":2,"5":0,"6":13,"7":0,"8":2,"9":8,"10":0,"11":0,"12":0,"13":0,"14":2,"15":6,"16":6,"17":0,"18":0,"19":0,"20":0,"21":0,"22":0,"23":0,"24":0,"25":0,"26":2,"27":6,"28":0,"29":0,"30":2,"31":2,"32":1,"33":0,"34":0,"35":0,"36":1,"37":0,"38":0,"39":0,"40":0,"41":0,"42":0,"43":0,"44":0,"45":2,"46":2,"47":0,"48":0,"49":4,"50":4,"51":0,"52":0,"53":0,"54":6,"55":1,"56":2,"57":2,"58":6,"59":0,"60":1,"61":2,"62":8,"63":2},"b":{"0":[0,0],"1":[0,0],"2":[0,0],"3":[0,0,0,0],"4":[1,0],"5":[1,0],"6":[1,0],"7":[1,0],"8":[1,0],"9":[2,0],"10":[2,2],"11":[2,2],"12":[1,1],"13":[1,1,1,1],"14":[0,0],"15":[0,0],"16":[0,0,0],"17":[0,0],"18":[0,6],"19":[0,6],"20":[0,0],"21":[0,8],"22":[0,0],"23":[0,0],"24":[6,2],"25":[0,2],"26":[0,0],"27":[2,2],"28":[8,0],"29":[2,6],"30":[2,6],"31":[0,0],"32":[0,0],"33":[0,0,0,0,0],"34":[0,0],"35":[0,0],"36":[0,0],"37":[0,0],"38":[0,0],"39":[0,0],"40":[2,2],"41":[1,0],"42":[1,0],"43":[0,0],"44":[0,0],"45":[0,0],"46":[0,0],"47":[0,0,0],"48":[0,0],"49":[1,0],"50":[0,0],"51":[0,0],"52":[0,0],"53":[0,0],"54":[0,2],"55":[0,0,0,0],"56":[0,2],"57":[0,0],"58":[0,0],"59":[0,0],"60":[0,0],"61":[0,0],"62":[0,0],"63":[0,0],"64":[0,0],"65":[0,0],"66":[0,0],"67":[0,0],"68":[0,0],"69":[0,4],"70":[4,0,0],"71":[4,0,0,0,0,0],"72":[0,4],"73":[0,4],"74":[0,4],"75":[0,4],"76":[4,4],"77":[4,0],"78":[0,0,0],"79":[0,0],"80":[0,0],"81":[0,0],"82":[0,0],"83":[2,4],"84":[1,0],"85":[2,2,2,0,2]},"inputSourceMap":{"version":3,"names":["DB_NAME","process","env","NODE_ENV","getUserByUsername","username","MongoClient","connect","URI","useNewUrlParser","useUnifiedTopology","client","db","collection","findOne","result","close"],"sourceRoot":"D:\\Learn\\Linkedin\\JavaScript-Test-Driven-Development\\src\\Integration-Test\\","sources":["db.js"],"sourcesContent":["import { MongoClient } from \"mongodb\";\r\nimport { URI } from \"./test-helpers\";\r\n\r\nconst DB_NAME = process.env.NODE_ENV === 'test' ? 'TEST_DB' : 'PROD_DB'\r\n\r\nexport const getUserByUsername = async username => {\r\n    const client = await MongoClient.connect(\r\n        URI,\r\n        {\r\n            useNewUrlParser: true,\r\n            useUnifiedTopology: true,\r\n        },\r\n    );\r\n\r\n    const db = client.db(DB_NAME);\r\n\r\n    const result = await db.collection('users').findOne({ username });\r\n\r\n    client.close();\r\n\r\n    return result;\r\n}\r\n\r\nexport default {\r\n    getUserByUsername,\r\n}"],"mappings":";;;;;;;AAAA;AACA;AAAqC,+CAArC;AAAA;AAAA;AAEA,IAAMA,OAAO,GAAGC,OAAO,CAACC,GAAG,CAACC,QAAQ,KAAK,MAAM,GAAG,SAAS,GAAG,SAAS;AAEhE,IAAMC,iBAAiB;EAAA,sEAAG,iBAAMC,QAAQ;IAAA;IAAA;MAAA;QAAA;UAAA;YAAA;YAAA,OACtBC,oBAAW,CAACC,OAAO,CACpCC,gBAAG,EACH;cACIC,eAAe,EAAE,IAAI;cACrBC,kBAAkB,EAAE;YACxB,CAAC,CACJ;UAAA;YANKC,MAAM;YAQNC,EAAE,GAAGD,MAAM,CAACC,EAAE,CAACZ,OAAO,CAAC;YAAA;YAAA,OAERY,EAAE,CAACC,UAAU,CAAC,OAAO,CAAC,CAACC,OAAO,CAAC;cAAET,QAAQ,EAARA;YAAS,CAAC,CAAC;UAAA;YAA3DU,MAAM;YAEZJ,MAAM,CAACK,KAAK,EAAE;YAAC,iCAERD,MAAM;UAAA;UAAA;YAAA;QAAA;MAAA;IAAA;EAAA,CAChB;EAAA,gBAhBYX,iBAAiB;IAAA;EAAA;AAAA,GAgB7B;AAAA;AAAA,eAEc;EACXA,iBAAiB,EAAjBA;AACJ,CAAC;AAAA"},"_coverageSchema":"1a1c01bbd47fc00a2c39e90264f33305004495a9","hash":"5b56c3d94a730843e8db3c036e0e2e062d98296b","contentHash":"1b82029cb5fd66f365e756323d94cd83af9d7aabee5a54805241126791e73754"},"D:\\Learn\\Linkedin\\JavaScript-Test-Driven-Development\\src\\Integration-Test\\test-helpers.js":{"path":"D:\\Learn\\Linkedin\\JavaScript-Test-Driven-Development\\src\\Integration-Test\\test-helpers.js","statementMap":{"0":{"start":{"line":3,"column":51},"end":{"line":3,"column":334}},"1":{"start":{"line":3,"column":153},"end":{"line":3,"column":171}},"2":{"start":{"line":3,"column":193},"end":{"line":3,"column":317}},"3":{"start":{"line":4,"column":0},"end":{"line":6,"column":3}},"4":{"start":{"line":7,"column":0},"end":{"line":7,"column":97}},"5":{"start":{"line":8,"column":15},"end":{"line":8,"column":33}},"6":{"start":{"line":9,"column":196},"end":{"line":9,"column":269}},"7":{"start":{"line":9,"column":251},"end":{"line":9,"column":266}},"8":{"start":{"line":9,"column":284},"end":{"line":9,"column":286}},"9":{"start":{"line":9,"column":293},"end":{"line":9,"column":309}},"10":{"start":{"line":9,"column":320},"end":{"line":9,"column":337}},"11":{"start":{"line":9,"column":356},"end":{"line":9,"column":433}},"12":{"start":{"line":9,"column":409},"end":{"line":9,"column":431}},"13":{"start":{"line":9,"column":445},"end":{"line":9,"column":486}},"14":{"start":{"line":9,"column":505},"end":{"line":9,"column":537}},"15":{"start":{"line":9,"column":561},"end":{"line":9,"column":603}},"16":{"start":{"line":9,"column":625},"end":{"line":9,"column":663}},"17":{"start":{"line":9,"column":700},"end":{"line":9,"column":815}},"18":{"start":{"line":9,"column":818},"end":{"line":9,"column":929}},"19":{"start":{"line":9,"column":824},"end":{"line":9,"column":839}},"20":{"start":{"line":9,"column":856},"end":{"line":9,"column":927}},"21":{"start":{"line":9,"column":900},"end":{"line":9,"column":924}},"22":{"start":{"line":9,"column":1004},"end":{"line":9,"column":1075}},"23":{"start":{"line":9,"column":1089},"end":{"line":9,"column":1128}},"24":{"start":{"line":9,"column":1140},"end":{"line":9,"column":1170}},"25":{"start":{"line":9,"column":1172},"end":{"line":9,"column":1280}},"26":{"start":{"line":9,"column":1317},"end":{"line":9,"column":1427}},"27":{"start":{"line":9,"column":1323},"end":{"line":9,"column":1373}},"28":{"start":{"line":9,"column":1390},"end":{"line":9,"column":1425}},"29":{"start":{"line":9,"column":1430},"end":{"line":9,"column":1450}},"30":{"start":{"line":9,"column":1474},"end":{"line":9,"column":1476}},"31":{"start":{"line":9,"column":1599},"end":{"line":9,"column":1601}},"32":{"start":{"line":9,"column":1603},"end":{"line":9,"column":1675}},"33":{"start":{"line":9,"column":1659},"end":{"line":9,"column":1671}},"34":{"start":{"line":9,"column":1691},"end":{"line":9,"column":1712}},"35":{"start":{"line":9,"column":1740},"end":{"line":9,"column":1782}},"36":{"start":{"line":9,"column":1784},"end":{"line":9,"column":1947}},"37":{"start":{"line":9,"column":1957},"end":{"line":9,"column":2050}},"38":{"start":{"line":9,"column":2096},"end":{"line":9,"column":2236}},"39":{"start":{"line":9,"column":2152},"end":{"line":9,"column":2232}},"40":{"start":{"line":9,"column":2195},"end":{"line":9,"column":2228}},"41":{"start":{"line":9,"column":2349},"end":{"line":9,"column":2392}},"42":{"start":{"line":9,"column":2394},"end":{"line":9,"column":2886}},"43":{"start":{"line":9,"column":2438},"end":{"line":9,"column":2448}},"44":{"start":{"line":9,"column":2458},"end":{"line":9,"column":2470}},"45":{"start":{"line":9,"column":2472},"end":{"line":9,"column":2884}},"46":{"start":{"line":9,"column":2609},"end":{"line":9,"column":2648}},"47":{"start":{"line":9,"column":2669},"end":{"line":9,"column":2707}},"48":{"start":{"line":9,"column":2768},"end":{"line":9,"column":2810}},"49":{"start":{"line":9,"column":2833},"end":{"line":9,"column":2880}},"50":{"start":{"line":9,"column":2887},"end":{"line":9,"column":2906}},"51":{"start":{"line":9,"column":2930},"end":{"line":9,"column":3294}},"52":{"start":{"line":9,"column":3041},"end":{"line":9,"column":3134}},"53":{"start":{"line":9,"column":3093},"end":{"line":9,"column":3130}},"54":{"start":{"line":9,"column":3137},"end":{"line":9,"column":3288}},"55":{"start":{"line":9,"column":3361},"end":{"line":9,"column":3377}},"56":{"start":{"line":9,"column":3379},"end":{"line":9,"column":4499}},"57":{"start":{"line":9,"column":3411},"end":{"line":9,"column":3486}},"58":{"start":{"line":9,"column":3438},"end":{"line":9,"column":3486}},"59":{"start":{"line":9,"column":3487},"end":{"line":9,"column":3573}},"60":{"start":{"line":9,"column":3516},"end":{"line":9,"column":3550}},"61":{"start":{"line":9,"column":3540},"end":{"line":9,"column":3550}},"62":{"start":{"line":9,"column":3551},"end":{"line":9,"column":3571}},"63":{"start":{"line":9,"column":3574},"end":{"line":9,"column":4496}},"64":{"start":{"line":9,"column":3642},"end":{"line":9,"column":3658}},"65":{"start":{"line":9,"column":3660},"end":{"line":9,"column":3836}},"66":{"start":{"line":9,"column":3697},"end":{"line":9,"column":3735}},"67":{"start":{"line":9,"column":3737},"end":{"line":9,"column":3834}},"68":{"start":{"line":9,"column":3759},"end":{"line":9,"column":3809}},"69":{"start":{"line":9,"column":3800},"end":{"line":9,"column":3809}},"70":{"start":{"line":9,"column":3810},"end":{"line":9,"column":3832}},"71":{"start":{"line":9,"column":3837},"end":{"line":9,"column":4138}},"72":{"start":{"line":9,"column":3868},"end":{"line":9,"column":3911}},"73":{"start":{"line":9,"column":3916},"end":{"line":9,"column":4138}},"74":{"start":{"line":9,"column":3950},"end":{"line":9,"column":4021}},"75":{"start":{"line":9,"column":3982},"end":{"line":9,"column":4021}},"76":{"start":{"line":9,"column":4022},"end":{"line":9,"column":4061}},"77":{"start":{"line":9,"column":4069},"end":{"line":9,"column":4138}},"78":{"start":{"line":9,"column":4139},"end":{"line":9,"column":4159}},"79":{"start":{"line":9,"column":4173},"end":{"line":9,"column":4205}},"80":{"start":{"line":9,"column":4207},"end":{"line":9,"column":4392}},"81":{"start":{"line":9,"column":4239},"end":{"line":9,"column":4340}},"82":{"start":{"line":9,"column":4331},"end":{"line":9,"column":4340}},"83":{"start":{"line":9,"column":4341},"end":{"line":9,"column":4390}},"84":{"start":{"line":9,"column":4393},"end":{"line":9,"column":4494}},"85":{"start":{"line":9,"column":4569},"end":{"line":9,"column":4583}},"86":{"start":{"line":9,"column":4594},"end":{"line":9,"column":4623}},"87":{"start":{"line":9,"column":4625},"end":{"line":9,"column":5028}},"88":{"start":{"line":9,"column":4651},"end":{"line":9,"column":5028}},"89":{"start":{"line":9,"column":5042},"end":{"line":9,"column":5090}},"90":{"start":{"line":9,"column":5092},"end":{"line":9,"column":5222}},"91":{"start":{"line":9,"column":5121},"end":{"line":9,"column":5222}},"92":{"start":{"line":9,"column":5234},"end":{"line":9,"column":5244}},"93":{"start":{"line":9,"column":5246},"end":{"line":9,"column":5619}},"94":{"start":{"line":9,"column":5664},"end":{"line":9,"column":5683}},"95":{"start":{"line":9,"column":5685},"end":{"line":9,"column":5823}},"96":{"start":{"line":9,"column":5871},"end":{"line":9,"column":5893}},"97":{"start":{"line":9,"column":5895},"end":{"line":9,"column":5964}},"98":{"start":{"line":9,"column":5999},"end":{"line":9,"column":6095}},"99":{"start":{"line":9,"column":6126},"end":{"line":9,"column":6576}},"100":{"start":{"line":9,"column":6163},"end":{"line":9,"column":6187}},"101":{"start":{"line":9,"column":6189},"end":{"line":9,"column":6246}},"102":{"start":{"line":9,"column":6209},"end":{"line":9,"column":6246}},"103":{"start":{"line":9,"column":6247},"end":{"line":9,"column":6303}},"104":{"start":{"line":9,"column":6287},"end":{"line":9,"column":6303}},"105":{"start":{"line":9,"column":6304},"end":{"line":9,"column":6574}},"106":{"start":{"line":9,"column":6343},"end":{"line":9,"column":6345}},"107":{"start":{"line":9,"column":6354},"end":{"line":9,"column":6546}},"108":{"start":{"line":9,"column":6372},"end":{"line":9,"column":6491}},"109":{"start":{"line":9,"column":6405},"end":{"line":9,"column":6489}},"110":{"start":{"line":9,"column":6435},"end":{"line":9,"column":6489}},"111":{"start":{"line":9,"column":6492},"end":{"line":9,"column":6544}},"112":{"start":{"line":9,"column":6548},"end":{"line":9,"column":6572}},"113":{"start":{"line":9,"column":6577},"end":{"line":9,"column":6605}},"114":{"start":{"line":9,"column":6632},"end":{"line":9,"column":6670}},"115":{"start":{"line":9,"column":6673},"end":{"line":9,"column":12106}},"116":{"start":{"line":9,"column":7106},"end":{"line":9,"column":7155}},"117":{"start":{"line":9,"column":7157},"end":{"line":9,"column":7262}},"118":{"start":{"line":9,"column":7301},"end":{"line":9,"column":7542}},"119":{"start":{"line":9,"column":7579},"end":{"line":9,"column":7603}},"120":{"start":{"line":9,"column":7722},"end":{"line":9,"column":7734}},"121":{"start":{"line":9,"column":7856},"end":{"line":9,"column":7906}},"122":{"start":{"line":9,"column":7918},"end":{"line":9,"column":7991}},"123":{"start":{"line":9,"column":7993},"end":{"line":9,"column":8135}},"124":{"start":{"line":9,"column":8083},"end":{"line":9,"column":8131}},"125":{"start":{"line":9,"column":8251},"end":{"line":9,"column":8263}},"126":{"start":{"line":9,"column":8305},"end":{"line":9,"column":8333}},"127":{"start":{"line":9,"column":8383},"end":{"line":9,"column":8394}},"128":{"start":{"line":9,"column":8403},"end":{"line":9,"column":8405}},"129":{"start":{"line":9,"column":8407},"end":{"line":9,"column":8450}},"130":{"start":{"line":9,"column":8433},"end":{"line":9,"column":8448}},"131":{"start":{"line":9,"column":8451},"end":{"line":9,"column":8636}},"132":{"start":{"line":9,"column":8492},"end":{"line":9,"column":8604}},"133":{"start":{"line":9,"column":8525},"end":{"line":9,"column":8535}},"134":{"start":{"line":9,"column":8537},"end":{"line":9,"column":8602}},"135":{"start":{"line":9,"column":8556},"end":{"line":9,"column":8602}},"136":{"start":{"line":9,"column":8605},"end":{"line":9,"column":8633}},"137":{"start":{"line":9,"column":8748},"end":{"line":9,"column":9087}},"138":{"start":{"line":9,"column":8956},"end":{"line":9,"column":9087}},"139":{"start":{"line":9,"column":8981},"end":{"line":9,"column":9085}},"140":{"start":{"line":9,"column":9115},"end":{"line":9,"column":9130}},"141":{"start":{"line":9,"column":9148},"end":{"line":9,"column":9177}},"142":{"start":{"line":9,"column":9179},"end":{"line":9,"column":9233}},"143":{"start":{"line":9,"column":9212},"end":{"line":9,"column":9233}},"144":{"start":{"line":9,"column":9234},"end":{"line":9,"column":9251}},"145":{"start":{"line":9,"column":9314},"end":{"line":9,"column":9345}},"146":{"start":{"line":9,"column":9329},"end":{"line":9,"column":9345}},"147":{"start":{"line":9,"column":9360},"end":{"line":9,"column":9364}},"148":{"start":{"line":9,"column":9397},"end":{"line":9,"column":9542}},"149":{"start":{"line":9,"column":9545},"end":{"line":9,"column":10249}},"150":{"start":{"line":9,"column":9558},"end":{"line":9,"column":9584}},"151":{"start":{"line":9,"column":9613},"end":{"line":9,"column":9631}},"152":{"start":{"line":9,"column":9642},"end":{"line":9,"column":9658}},"153":{"start":{"line":9,"column":9660},"end":{"line":9,"column":9710}},"154":{"start":{"line":9,"column":9689},"end":{"line":9,"column":9710}},"155":{"start":{"line":9,"column":9711},"end":{"line":9,"column":10247}},"156":{"start":{"line":9,"column":9759},"end":{"line":9,"column":9789}},"157":{"start":{"line":9,"column":9804},"end":{"line":9,"column":9836}},"158":{"start":{"line":9,"column":9838},"end":{"line":9,"column":10245}},"159":{"start":{"line":9,"column":9868},"end":{"line":9,"column":9934}},"160":{"start":{"line":9,"column":9900},"end":{"line":9,"column":9934}},"161":{"start":{"line":9,"column":9935},"end":{"line":9,"column":10001}},"162":{"start":{"line":9,"column":9969},"end":{"line":9,"column":10001}},"163":{"start":{"line":9,"column":10009},"end":{"line":9,"column":10245}},"164":{"start":{"line":9,"column":10025},"end":{"line":9,"column":10091}},"165":{"start":{"line":9,"column":10057},"end":{"line":9,"column":10091}},"166":{"start":{"line":9,"column":10101},"end":{"line":9,"column":10176}},"167":{"start":{"line":9,"column":10118},"end":{"line":9,"column":10176}},"168":{"start":{"line":9,"column":10177},"end":{"line":9,"column":10243}},"169":{"start":{"line":9,"column":10211},"end":{"line":9,"column":10243}},"170":{"start":{"line":9,"column":10290},"end":{"line":9,"column":10515}},"171":{"start":{"line":9,"column":10303},"end":{"line":9,"column":10329}},"172":{"start":{"line":9,"column":10358},"end":{"line":9,"column":10376}},"173":{"start":{"line":9,"column":10378},"end":{"line":9,"column":10513}},"174":{"start":{"line":9,"column":10498},"end":{"line":9,"column":10503}},"175":{"start":{"line":9,"column":10505},"end":{"line":9,"column":10511}},"176":{"start":{"line":9,"column":10516},"end":{"line":9,"column":10663}},"177":{"start":{"line":9,"column":10677},"end":{"line":9,"column":10720}},"178":{"start":{"line":9,"column":10722},"end":{"line":9,"column":10884}},"179":{"start":{"line":9,"column":10936},"end":{"line":9,"column":10982}},"180":{"start":{"line":9,"column":10965},"end":{"line":9,"column":10982}},"181":{"start":{"line":9,"column":10983},"end":{"line":9,"column":11260}},"182":{"start":{"line":9,"column":11302},"end":{"line":9,"column":11524}},"183":{"start":{"line":9,"column":11315},"end":{"line":9,"column":11341}},"184":{"start":{"line":9,"column":11370},"end":{"line":9,"column":11388}},"185":{"start":{"line":9,"column":11390},"end":{"line":9,"column":11522}},"186":{"start":{"line":9,"column":11427},"end":{"line":9,"column":11522}},"187":{"start":{"line":9,"column":11563},"end":{"line":9,"column":11811}},"188":{"start":{"line":9,"column":11576},"end":{"line":9,"column":11602}},"189":{"start":{"line":9,"column":11631},"end":{"line":9,"column":11649}},"190":{"start":{"line":9,"column":11651},"end":{"line":9,"column":11809}},"191":{"start":{"line":9,"column":11695},"end":{"line":9,"column":11711}},"192":{"start":{"line":9,"column":11713},"end":{"line":9,"column":11792}},"193":{"start":{"line":9,"column":11757},"end":{"line":9,"column":11767}},"194":{"start":{"line":9,"column":11769},"end":{"line":9,"column":11790}},"195":{"start":{"line":9,"column":11793},"end":{"line":9,"column":11807}},"196":{"start":{"line":9,"column":11812},"end":{"line":9,"column":11853}},"197":{"start":{"line":9,"column":11928},"end":{"line":9,"column":12092}},"198":{"start":{"line":10,"column":77},"end":{"line":10,"column":175}},"199":{"start":{"line":10,"column":94},"end":{"line":10,"column":107}},"200":{"start":{"line":10,"column":121},"end":{"line":10,"column":131}},"201":{"start":{"line":10,"column":151},"end":{"line":10,"column":165}},"202":{"start":{"line":10,"column":166},"end":{"line":10,"column":173}},"203":{"start":{"line":10,"column":176},"end":{"line":10,"column":263}},"204":{"start":{"line":10,"column":193},"end":{"line":10,"column":208}},"205":{"start":{"line":10,"column":218},"end":{"line":10,"column":261}},"206":{"start":{"line":11,"column":33},"end":{"line":11,"column":387}},"207":{"start":{"line":11,"column":65},"end":{"line":11,"column":69}},"208":{"start":{"line":11,"column":78},"end":{"line":11,"column":87}},"209":{"start":{"line":11,"column":89},"end":{"line":11,"column":384}},"210":{"start":{"line":11,"column":147},"end":{"line":11,"column":167}},"211":{"start":{"line":11,"column":193},"end":{"line":11,"column":264}},"212":{"start":{"line":11,"column":290},"end":{"line":11,"column":360}},"213":{"start":{"line":11,"column":363},"end":{"line":11,"column":380}},"214":{"start":{"line":12,"column":10},"end":{"line":12,"column":113}},"215":{"start":{"line":13,"column":0},"end":{"line":13,"column":18}},"216":{"start":{"line":14,"column":35},"end":{"line":43,"column":3}},"217":{"start":{"line":15,"column":13},"end":{"line":39,"column":5}},"218":{"start":{"line":17,"column":4},"end":{"line":38,"column":16}},"219":{"start":{"line":18,"column":6},"end":{"line":37,"column":7}},"220":{"start":{"line":19,"column":8},"end":{"line":36,"column":9}},"221":{"start":{"line":21,"column":12},"end":{"line":21,"column":30}},"222":{"start":{"line":22,"column":12},"end":{"line":25,"column":15}},"223":{"start":{"line":27,"column":12},"end":{"line":27,"column":35}},"224":{"start":{"line":28,"column":12},"end":{"line":28,"column":38}},"225":{"start":{"line":29,"column":12},"end":{"line":29,"column":30}},"226":{"start":{"line":30,"column":12},"end":{"line":30,"column":66}},"227":{"start":{"line":32,"column":12},"end":{"line":32,"column":27}},"228":{"start":{"line":35,"column":12},"end":{"line":35,"column":35}},"229":{"start":{"line":40,"column":2},"end":{"line":42,"column":4}},"230":{"start":{"line":41,"column":4},"end":{"line":41,"column":39}},"231":{"start":{"line":44,"column":0},"end":{"line":44,"column":42}},"232":{"start":{"line":45,"column":35},"end":{"line":76,"column":3}},"233":{"start":{"line":46,"column":14},"end":{"line":72,"column":5}},"234":{"start":{"line":48,"column":4},"end":{"line":71,"column":17}},"235":{"start":{"line":49,"column":6},"end":{"line":70,"column":7}},"236":{"start":{"line":50,"column":8},"end":{"line":69,"column":9}},"237":{"start":{"line":52,"column":12},"end":{"line":52,"column":31}},"238":{"start":{"line":53,"column":12},"end":{"line":56,"column":15}},"239":{"start":{"line":58,"column":12},"end":{"line":58,"column":36}},"240":{"start":{"line":59,"column":12},"end":{"line":59,"column":38}},"241":{"start":{"line":60,"column":12},"end":{"line":60,"column":31}},"242":{"start":{"line":61,"column":12},"end":{"line":61,"column":66}},"243":{"start":{"line":63,"column":12},"end":{"line":63,"column":36}},"244":{"start":{"line":64,"column":12},"end":{"line":64,"column":27}},"245":{"start":{"line":65,"column":12},"end":{"line":65,"column":54}},"246":{"start":{"line":68,"column":12},"end":{"line":68,"column":36}},"247":{"start":{"line":73,"column":2},"end":{"line":75,"column":4}},"248":{"start":{"line":74,"column":4},"end":{"line":74,"column":40}},"249":{"start":{"line":77,"column":0},"end":{"line":77,"column":42}},"250":{"start":{"line":78,"column":33},"end":{"line":107,"column":3}},"251":{"start":{"line":79,"column":14},"end":{"line":103,"column":5}},"252":{"start":{"line":81,"column":4},"end":{"line":102,"column":17}},"253":{"start":{"line":82,"column":6},"end":{"line":101,"column":7}},"254":{"start":{"line":83,"column":8},"end":{"line":100,"column":9}},"255":{"start":{"line":85,"column":12},"end":{"line":85,"column":31}},"256":{"start":{"line":86,"column":12},"end":{"line":89,"column":15}},"257":{"start":{"line":91,"column":12},"end":{"line":91,"column":36}},"258":{"start":{"line":92,"column":12},"end":{"line":92,"column":38}},"259":{"start":{"line":93,"column":12},"end":{"line":93,"column":31}},"260":{"start":{"line":94,"column":12},"end":{"line":94,"column":37}},"261":{"start":{"line":96,"column":12},"end":{"line":96,"column":27}},"262":{"start":{"line":99,"column":12},"end":{"line":99,"column":36}},"263":{"start":{"line":104,"column":2},"end":{"line":106,"column":4}},"264":{"start":{"line":105,"column":4},"end":{"line":105,"column":40}},"265":{"start":{"line":108,"column":0},"end":{"line":108,"column":38}}},"fnMap":{"0":{"name":"_typeof","decl":{"start":{"line":3,"column":9},"end":{"line":3,"column":16}},"loc":{"start":{"line":3,"column":22},"end":{"line":3,"column":336}},"line":3},"1":{"name":"(anonymous_1)","decl":{"start":{"line":3,"column":136},"end":{"line":3,"column":137}},"loc":{"start":{"line":3,"column":151},"end":{"line":3,"column":173}},"line":3},"2":{"name":"(anonymous_2)","decl":{"start":{"line":3,"column":176},"end":{"line":3,"column":177}},"loc":{"start":{"line":3,"column":191},"end":{"line":3,"column":319}},"line":3},"3":{"name":"_regeneratorRuntime","decl":{"start":{"line":9,"column":9},"end":{"line":9,"column":28}},"loc":{"start":{"line":9,"column":31},"end":{"line":9,"column":12108}},"line":9},"4":{"name":"_regeneratorRuntime","decl":{"start":{"line":9,"column":227},"end":{"line":9,"column":246}},"loc":{"start":{"line":9,"column":249},"end":{"line":9,"column":268}},"line":9},"5":{"name":"(anonymous_5)","decl":{"start":{"line":9,"column":381},"end":{"line"
[...]
olumn":9083}}],"line":11},"58":{"loc":{"start":{"line":11,"column":9179},"end":{"line":11,"column":9233}},"type":"if","locations":[{"start":{"line":11,"column":9179},"end":{"line":11,"column":9233}},{"start":{"line":11,"column":9179},"end":{"line":11,"column":9233}}],"line":11},"59":{"loc":{"start":{"line":11,"column":9314},"end":{"line":11,"column":9345}},"type":"if","locations":[{"start":{"line":11,"column":9314},"end":{"line":11,"column":9345}},{"start":{"line":11,"column":9314},"end":{"line":11,"column":9345}}],"line":11},"60":{"loc":{"start":{"line":11,"column":9471},"end":{"line":11,"column":9531}},"type":"binary-expr","locations":[{"start":{"line":11,"column":9471},"end":{"line":11,"column":9477}},{"start":{"line":11,"column":9482},"end":{"line":11,"column":9530}}],"line":11},"61":{"loc":{"start":{"line":11,"column":9660},"end":{"line":11,"column":9710}},"type":"if","locations":[{"start":{"line":11,"column":9660},"end":{"line":11,"column":9710}},{"start":{"line":11,"column":9660},"end":{"line":11,"column":9710}}],"line":11},"62":{"loc":{"start":{"line":11,"column":9711},"end":{"line":11,"column":10247}},"type":"if","locations":[{"start":{"line":11,"column":9711},"end":{"line":11,"column":10247}},{"start":{"line":11,"column":9711},"end":{"line":11,"column":10247}}],"line":11},"63":{"loc":{"start":{"line":11,"column":9838},"end":{"line":11,"column":10245}},"type":"if","locations":[{"start":{"line":11,"column":9838},"end":{"line":11,"column":10245}},{"start":{"line":11,"column":9838},"end":{"line":11,"column":10245}}],"line":11},"64":{"loc":{"start":{"line":11,"column":9842},"end":{"line":11,"column":9864}},"type":"binary-expr","locations":[{"start":{"line":11,"column":9842},"end":{"line":11,"column":9850}},{"start":{"line":11,"column":9854},"end":{"line":11,"column":9864}}],"line":11},"65":{"loc":{"start":{"line":11,"column":9868},"end":{"line":11,"column":9934}},"type":"if","locations":[{"start":{"line":11,"column":9868},"end":{"line":11,"column":9934}},{"start":{"line":11,"column":9868},"end":{"line":11,"column":9934}}],"line":11},"66":{"loc":{"start":{"line":11,"column":9935},"end":{"line":11,"column":10001}},"type":"if","locations":[{"start":{"line":11,"column":9935},"end":{"line":11,"column":10001}},{"start":{"line":11,"column":9935},"end":{"line":11,"column":10001}}],"line":11},"67":{"loc":{"start":{"line":11,"column":10009},"end":{"line":11,"column":10245}},"type":"if","locations":[{"start":{"line":11,"column":10009},"end":{"line":11,"column":10245}},{"start":{"line":11,"column":10009},"end":{"line":11,"column":10245}}],"line":11},"68":{"loc":{"start":{"line":11,"column":10025},"end":{"line":11,"column":10091}},"type":"if","locations":[{"start":{"line":11,"column":10025},"end":{"line":11,"column":10091}},{"start":{"line":11,"column":10025},"end":{"line":11,"column":10091}}],"line":11},"69":{"loc":{"start":{"line":11,"column":10101},"end":{"line":11,"column":10176}},"type":"if","locations":[{"start":{"line":11,"column":10101},"end":{"line":11,"column":10176}},{"start":{"line":11,"column":10101},"end":{"line":11,"column":10176}}],"line":11},"70":{"loc":{"start":{"line":11,"column":10177},"end":{"line":11,"column":10243}},"type":"if","locations":[{"start":{"line":11,"column":10177},"end":{"line":11,"column":10243}},{"start":{"line":11,"column":10177},"end":{"line":11,"column":10243}}],"line":11},"71":{"loc":{"start":{"line":11,"column":10378},"end":{"line":11,"column":10513}},"type":"if","locations":[{"start":{"line":11,"column":10378},"end":{"line":11,"column":10513}},{"start":{"line":11,"column":10378},"end":{"line":11,"column":10513}}],"line":11},"72":{"loc":{"start":{"line":11,"column":10382},"end":{"line":11,"column":10475}},"type":"binary-expr","locations":[{"start":{"line":11,"column":10382},"end":{"line":11,"column":10407}},{"start":{"line":11,"column":10411},"end":{"line":11,"column":10443}},{"start":{"line":11,"column":10447},"end":{"line":11,"column":10475}}],"line":11},"73":{"loc":{"start":{"line":11,"column":10516},"end":{"line":11,"column":10662}},"type":"binary-expr","locations":[{"start":{"line":11,"column":10516},"end":{"line":11,"column":10528}},{"start":{"line":11,"column":10533},"end":{"line":11,"column":10549}},{"start":{"line":11,"column":10553},"end":{"line":11,"column":10572}},{"start":{"line":11,"column":10577},"end":{"line":11,"column":10603}},{"start":{"line":11,"column":10607},"end":{"line":11,"column":10637}},{"start":{"line":11,"column":10642},"end":{"line":11,"column":10661}}],"line":11},"74":{"loc":{"start":{"line":11,"column":10677},"end":{"line":11,"column":10720}},"type":"cond-expr","locations":[{"start":{"line":11,"column":10692},"end":{"line":11,"column":10715}},{"start":{"line":11,"column":10718},"end":{"line":11,"column":10720}}],"line":11},"75":{"loc":{"start":{"line":11,"column":10767},"end":{"line":11,"column":10883}},"type":"cond-expr","locations":[{"start":{"line":11,"column":10783},"end":{"line":11,"column":10858}},{"start":{"line":11,"column":10862},"end":{"line":11,"column":10883}}],"line":11},"76":{"loc":{"start":{"line":11,"column":10936},"end":{"line":11,"column":10982}},"type":"if","locations":[{"start":{"line":11,"column":10936},"end":{"line":11,"column":10982}},{"start":{"line":11,"column":10936},"end":{"line":11,"column":10982}}],"line":11},"77":{"loc":{"start":{"line":11,"column":10990},"end":{"line":11,"column":11241}},"type":"cond-expr","locations":[{"start":{"line":11,"column":11046},"end":{"line":11,"column":11068}},{"start":{"line":11,"column":11071},"end":{"line":11,"column":11241}}],"line":11},"78":{"loc":{"start":{"line":11,"column":10990},"end":{"line":11,"column":11043}},"type":"binary-expr","locations":[{"start":{"line":11,"column":10990},"end":{"line":11,"column":11013}},{"start":{"line":11,"column":11017},"end":{"line":11,"column":11043}}],"line":11},"79":{"loc":{"start":{"line":11,"column":11071},"end":{"line":11,"column":11241}},"type":"cond-expr","locations":[{"start":{"line":11,"column":11099},"end":{"line":11,"column":11175}},{"start":{"line":11,"column":11179},"end":{"line":11,"column":11241}}],"line":11},"80":{"loc":{"start":{"line":11,"column":11179},"end":{"line":11,"column":11241}},"type":"binary-expr","locations":[{"start":{"line":11,"column":11179},"end":{"line":11,"column":11203}},{"start":{"line":11,"column":11207},"end":{"line":11,"column":11215}},{"start":{"line":11,"column":11220},"end":{"line":11,"column":11240}}],"line":11},"81":{"loc":{"start":{"line":11,"column":11390},"end":{"line":11,"column":11522}},"type":"if","locations":[{"start":{"line":11,"column":11390},"end":{"line":11,"column":11522}},{"start":{"line":11,"column":11390},"end":{"line":11,"column":11522}}],"line":11},"82":{"loc":{"start":{"line":11,"column":11651},"end":{"line":11,"column":11809}},"type":"if","locations":[{"start":{"line":11,"column":11651},"end":{"line":11,"column":11809}},{"start":{"line":11,"column":11651},"end":{"line":11,"column":11809}}],"line":11},"83":{"loc":{"start":{"line":11,"column":11713},"end":{"line":11,"column":11792}},"type":"if","locations":[{"start":{"line":11,"column":11713},"end":{"line":11,"column":11792}},{"start":{"line":11,"column":11713},"end":{"line":11,"column":11792}}],"line":11},"84":{"loc":{"start":{"line":11,"column":12025},"end":{"line":11,"column":12073}},"type":"binary-expr","locations":[{"start":{"line":11,"column":12025},"end":{"line":11,"column":12047}},{"start":{"line":11,"column":12052},"end":{"line":11,"column":12072}}],"line":11},"85":{"loc":{"start":{"line":12,"column":176},"end":{"line":12,"column":263}},"type":"if","locations":[{"start":{"line":12,"column":176},"end":{"line":12,"column":263}},{"start":{"line":12,"column":176},"end":{"line":12,"column":263}}],"line":12},"86":{"loc":{"start":{"line":21,"column":8},"end":{"line":43,"column":9}},"type":"switch","locations":[{"start":{"line":22,"column":10},"end":{"line":26,"column":62}},{"start":{"line":27,"column":10},"end":{"line":35,"column":18}},{"start":{"line":36,"column":10},"end":{"line":39,"column":46}},{"start":{"line":40,"column":10},"end":{"line":40,"column":18}},{"start":{"line":41,"column":10},"end":{"line":42,"column":35}}],"line":21},"87":{"loc":{"start":{"line":29,"column":12},"end":{"line":33,"column":13}},"type":"if","locations":[{"start":{"line":29,"column":12},"end":{"line":33,"column":13}},{"start":{"line":29,"column":12},"end":{"line":33,"column":13}}],"line":29}},"s":{"0":0,"1":0,"2":0,"3":1,"4":1,"5":1,"6":1,"7":2,"8":1,"9":3,"10":1,"11":1,"12":1,"13":1,"14":0,"15":1,"16":1,"17":1,"18":1,"19":13,"20":1,"21":1,"22":0,"23":0,"24":3,"25":3,"26":3,"27":3,"28":6,"29":6,"30":1,"31":1,"32":1,"33":1,"34":1,"35":0,"36":1,"37":1,"38":1,"39":1,"40":2,"41":6,"42":5,"43":0,"44":0,"45":0,"46":0,"47":0,"48":0,"49":0,"50":0,"51":0,"52":0,"53":0,"54":0,"55":0,"56":0,"57":3,"58":3,"59":5,"60":0,"61":5,"62":0,"63":0,"64":0,"65":5,"66":6,"67":6,"68":0,"69":0,"70":0,"71":0,"72":0,"73":6,"74":5,"75":1,"76":1,"77":0,"78":1,"79":0,"80":6,"81":6,"82":6,"83":5,"84":0,"85":5,"86":1,"87":0,"88":0,"89":0,"90":0,"91":0,"92":0,"93":0,"94":0,"95":0,"96":3,"97":3,"98":7,"99":7,"100":3,"101":1,"102":1,"103":1,"104":1,"105":0,"106":0,"107":0,"108":0,"109":0,"110":0,"111":0,"112":0,"113":0,"114":0,"115":0,"116":0,"117":1,"118":0,"119":0,"120":1,"121":0,"122":0,"123":0,"124":0,"125":0,"126":0,"127":0,"128":0,"129":0,"130":0,"131":0,"132":0,"133":0,"134":0,"135":0,"136":0,"137":0,"138":0,"139":3,"140":0,"141":0,"142":3,"143":3,"144":3,"145":0,"146":3,"147":1,"148":0,"149":1,"150":1,"151":1,"152":1,"153":1,"154":1,"155":1,"156":0,"157":1,"158":1,"159":1,"160":1,"161":0,"162":0,"163":0,"164":0,"165":1,"166":1,"167":1,"168":0,"169":0,"170":0,"171":0,"172":0,"173":0,"174":0,"175":0,"176":0,"177":0,"178":0,"179":0,"180":0,"181":0,"182":0,"183":0,"184":0,"185":0,"186":0,"187":0,"188":0,"189":1,"190":1,"191":1,"192":1,"193":1,"194":1,"195":1,"196":1,"197":1,"198":0,"199":0,"200":5,"201":5,"202":5,"203":0,"204":0,"205":5,"206":3,"207":2,"208":1,"209":3,"210":3,"211":3,"212":3,"213":5,"214":0,"215":3,"216":1,"217":1,"218":1,"219":1,"220":3,"221":6,"222":8,"223":3,"224":3,"225":3,"226":3,"227":2,"228":2,"229":1,"230":1,"231":2,"232":2,"233":1,"234":1,"235":1,"236":3,"237":1,"238":3},"f":{"0":0,"1":0,"2":0,"3":2,"4":1,"5":3,"6":0,"7":13,"8":0,"9":3,"10":6,"11":0,"12":0,"13":0,"14":0,"15":2,"16":6,"17":5,"18":0,"19":0,"20":0,"21":0,"22":0,"23":0,"24":0,"25":0,"26":0,"27":3,"28":5,"29":0,"30":3,"31":7,"32":3,"33":1,"34":0,"35":0,"36":0,"37":1,"38":0,"39":0,"40":0,"41":0,"42":0,"43":0,"44":0,"45":0,"46":3,"47":3,"48":1,"49":1,"50":0,"51":0,"52":0,"53":1,"54":0,"55":5,"56":1,"57":3,"58":3,"59":5,"60":0,"61":1,"62":3,"63":6,"64":3},"b":{"0":[0,0],"1":[0,0],"2":[0,0],"3":[0,0,0,0],"4":[1,1],"5":[2,2],"6":[1,0],"7":[1,0],"8":[1,0],"9":[1,0],"10":[1,0],"11":[3,0],"12":[3,3],"13":[3,0],"14":[1,1],"15":[1,1,1,1],"16":[0,0],"17":[0,0],"18":[0,0,0],"19":[0,0],"20":[0,5],"21":[0,5],"22":[0,0],"23":[0,6],"24":[0,0],"25":[0,0],"26":[5,1],"27":[1,0],"28":[0,1],"29":[0,0],"30":[5,1],"31":[0,5],"32":[3,2],"33":[1,1],"34":[0,0],"35":[0,0,0,0,0],"36":[0,0],"37":[0,0],"38":[0,0],"39":[0,0],"40":[3,3],"41":[3,0],"42":[7,6],"43":[1,0],"44":[1,0],"45":[0,0],"46":[0,0],"47":[0,0],"48":[0,0],"49":[0,0,0],"50":[0,0],"51":[1,0],"52":[0,0],"53":[0,0],"54":[0,0],"55":[0,0],"56":[0,3],"57":[0,0,0,0],"58":[0,3],"59":[0,1],"60":[1,1],"61":[0,1],"62":[1,0],"63":[0,1],"64":[1,1],"65":[0,0],"66":[0,0],"67":[1,0],"68":[1,0],"69":[0,0],"70":[0,0],"71":[0,0],"72":[0,0,0],"73":[0,0,0,0,0,0],"74":[0,0],"75":[0,0],"76":[0,0],"77":[0,0],"78":[0,0],"79":[0,0],"80":[0,0,0],"81":[0,0],"82":[1,0],"83":[1,0],"84":[0,0],"85":[3,2],"86":[3,2,1,3,3],"87":[1,1]},"inputSourceMap":{"version":3,"names":["app","express","get","req","res","username","params","db","getUserByUsername","user","json","status","send"],"sourceRoot":"D:\\Learn\\Linkedin\\JavaScript-Test-Driven-Development\\src\\Integration-Test\\","sources":["server.js"],"sourcesContent":["import express from 'express';\r\nimport db from './db';\r\n\r\nconst app = express();\r\n\r\napp.get('/users/:username', async (req, res) => {\r\n    const { username } = req.params; \r\n    try {\r\n        const user = await db.getUserByUsername(username);\r\n        if (user) {\r\n            res.json(user);\r\n        } else {\r\n            res.status(404).send();\r\n        }\r\n    } catch (error) {\r\n        res.status(500).json(error);\r\n    }\r\n})\r\n\r\nexport { app };"],"mappings":";;;;;;;AAAA;AACA;AAAsB;AAAA,+CAAtB;AAAA;AAAA;AAEA,IAAMA,GAAG,GAAG,IAAAC,mBAAO,GAAE;AAAC;AAEtBD,GAAG,CAACE,GAAG,CAAC,kBAAkB;EAAA,sEAAE,iBAAOC,GAAG,EAAEC,GAAG;IAAA;IAAA;MAAA;QAAA;UAAA;YAC/BC,QAAQ,GAAKF,GAAG,CAACG,MAAM,CAAvBD,QAAQ;YAAA;YAAA;YAAA,OAEOE,cAAE,CAACC,iBAAiB,CAACH,QAAQ,CAAC;UAAA;YAA3CI,IAAI;YACV,IAAIA,IAAI,EAAE;cACNL,GAAG,CAACM,IAAI,CAACD,IAAI,CAAC;YAClB,CAAC,MAAM;cACHL,GAAG,CAACO,MAAM,CAAC,GAAG,CAAC,CAACC,IAAI,EAAE;YAC1B;YAAC;YAAA;UAAA;YAAA;YAAA;YAEDR,GAAG,CAACO,MAAM,CAAC,GAAG,CAAC,CAACD,IAAI,aAAO;UAAC;UAAA;YAAA;QAAA;MAAA;IAAA;EAAA,CAEnC;EAAA;IAAA;EAAA;AAAA,IAAC"},"_coverageSchema":"1a1c01bbd47fc00a2c39e90264f33305004495a9","hash":"c1c4f661ca36c1e6efcf3a8a82340688d37f1ca5","contentHash":"4de548c4595b007a53ca90a30031fc404d2901b7a31b71dbfd58863e10690cbb"},"D:\\Learn\\Linkedin\\JavaScript-Test-Driven-Development\\src\\Unit-Test\\anagrams.js":{"path":"D:\\Learn\\Linkedin\\JavaScript-Test-Driven-Development\\src\\Unit-Test\\anagrams.js","statementMap":{"0":{"start":{"line":3,"column":0},"end":{"line":5,"column":3}},"1":{"start":{"line":6,"column":0},"end":{"line":6,"column":27}},"2":{"start":{"line":7,"column":19},"end":{"line":7,"column":44}},"3":{"start":{"line":8,"column":14},"end":{"line":8,"column":31}},"4":{"start":{"line":9,"column":16},"end":{"line":18,"column":1}},"5":{"start":{"line":10,"column":2},"end":{"line":10,"column":43}},"6":{"start":{"line":11,"column":2},"end":{"line":11,"column":43}},"7":{"start":{"line":12,"column":24},"end":{"line":12,"column":107}},"8":{"start":{"line":13,"column":24},"end":{"line":13,"column":107}},"9":{"start":{"line":14,"column":16},"end":{"line":14,"column":47}},"10":{"start":{"line":15,"column":16},"end":{"line":15,"column":47}},"11":{"start":{"line":16,"column":22},"end":{"line":16,"column":41}},"12":{"start":{"line":17,"column":2},"end":{"line":17,"column":23}},"13":{"start":{"line":27,"column":0},"end":{"line":27,"column":30}}},"fnMap":{"0":{"name":"isAnagram","decl":{"start":{"line":9,"column":25},"end":{"line":9,"column":34}},"loc":{"start":{"line":9,"column":57},"end":{"line":18,"column":1}},"line":9}},"branchMap":{},"s":{"0":1,"1":1,"2":1,"3":1,"4":1,"5":6,"6":6,"7":6,"8":6,"9":6,"10":6,"11":6,"12":6,"13":1},"f":{"0":6},"b":{},"inputSourceMap":{"version":3,"names":["isAnagram","stringOne","stringTwo","replace","stringOneSorted","getLetterCount","split","sort","join","toLowerCase","stringTwoSorted","jsonOne","JSON","stringify","jsonTwo","anagramResult"],"sourceRoot":"D:\\Learn\\Linkedin\\JavaScript-Test-Driven-Development\\src\\Unit-Test\\","sources":["anagrams.js"],"sourcesContent":["import { getLetterCount } from \"./letter-count\";\r\nimport { isEqual } from \"lodash\";\r\n\r\nexport const isAnagram = (stringOne, stringTwo) => {\r\n    \r\n    stringOne = stringOne.replace(/\\s/g, '')\r\n    stringTwo = stringTwo.replace(/\\s/g, '')\r\n\r\n    let stringOneSorted = getLetterCount(stringOne.split('').sort().join('').toLowerCase())\r\n    let stringTwoSorted = getLetterCount(stringTwo.split('').sort().join('').toLowerCase())\r\n\r\n    let jsonOne = JSON.stringify(stringOneSorted)\r\n    let jsonTwo = JSON.stringify(stringTwoSorted)\r\n\r\n    let anagramResult = (jsonOne === jsonTwo)\r\n\r\n    return anagramResult;\r\n}\r\n\r\n// Course solution - dont cover last 2 tests\r\n// export const isAnagram = (string1, string2) => {\r\n//     const string1LetterCount = getLetterCount(string1)\r\n//     const string2LetterCount = getLetterCount(string2)\r\n\r\n//     return isEqual(string1LetterCount, string2LetterCount)\r\n// }"],"mappings":";;;;;;AAAA;AACA;AAEO,IAAMA,SAAS,GAAG,SAAZA,SAAS,CAAIC,SAAS,EAAEC,SAAS,EAAK;EAE/CD,SAAS,GAAGA,SAAS,CAACE,OAAO,CAAC,KAAK,EAAE,EAAE,CAAC;EACxCD,SAAS,GAAGA,SAAS,CAACC,OAAO,CAAC,KAAK,EAAE,EAAE,CAAC;EAExC,IAAIC,eAAe,GAAG,IAAAC,2BAAc,EAACJ,SAAS,CAACK,KAAK,CAAC,EAAE,CAAC,CAACC,IAAI,EAAE,CAACC,IAAI,CAAC,EAAE,CAAC,CAACC,WAAW,EAAE,CAAC;EACvF,IAAIC,eAAe,GAAG,IAAAL,2BAAc,EAACH,SAAS,CAACI,KAAK,CAAC,EAAE,CAAC,CAACC,IAAI,EAAE,CAACC,IAAI,CAAC,EAAE,CAAC,CAACC,WAAW,EAAE,CAAC;EAEvF,IAAIE,OAAO,GAAGC,IAAI,CAACC,SAAS,CAACT,eAAe,CAAC;EAC7C,IAAIU,OAAO,GAAGF,IAAI,CAACC,SAAS,CAACH,eAAe,CAAC;EAE7C,IAAIK,aAAa,GAAIJ,OAAO,KAAKG,OAAQ;EAEzC,OAAOC,aAAa;AACxB,CAAC;;AAED;AACA;AACA;AACA;;AAEA;AACA;AAAA"},"_coverageSchema":"1a1c01bbd47fc00a2c39e90264f33305004495a9","hash":"9a3f3f072bb41fe77d447cf406e1ea7c2be40612","contentHash":"667c6cf7a090e9fd7d0a5850ec44dcefb9cd490190bb2bf12198953220aa719b"},"D:\\Learn\\Linkedin\\JavaScript-Test-Driven-Development\\src\\Unit-Test\\letter-count.js":{"path":"D:\\Learn\\Linkedin\\JavaScript-Test-Driven-Development\\src\\Unit-Test\\letter-count.js","statementMap":{"0":{"start":{"line":3,"column":0},"end":{"line":5,"column":3}},"1":{"start":{"line":6,"column":0},"end":{"line":6,"column":32}},"2":{"start":{"line":10,"column":21},"end":{"line":22,"column":1}},"3":{"start":{"line":11,"column":16},"end":{"line":11,"column":32}},"4":{"start":{"line":12,"column":20},"end":{"line":12,"column":22}},"5":{"start":{"line":13,"column":2},"end":{"line":19,"column":5}},"6":{"start":{"line":14,"column":4},"end":{"line":18,"column":5}},"7":{"start":{"line":15,"column":6},"end":{"line":15,"column":30}},"8":{"start":{"line":17,"column":6},"end":{"line":17,"column":31}},"9":{"start":{"line":20,"column":2},"end":{"line":20,"column":27}},"10":{"start":{"line":21,"column":2},"end":{"line":21,"column":21}},"11":{"start":{"line":23,"column":0},"end":{"line":23,"column":40}}},"fnMap":{"0":{"name":"getLetterCount","decl":{"start":{"line":10,"column":30},"end":{"line":10,"column":44}},"loc":{"start":{"line":10,"column":53},"end":{"line":22,"column":1}},"line":10},"1":{"name":"(anonymous_1)","decl":{"start":{"line":13,"column":18},"end":{"line":13,"column":19}},"loc":{"start":{"line":13,"column":36},"end":{"line":19,"column":3}},"line":13}},"branchMap":{"0":{"loc":{"start":{"line":14,"column":4},"end":{"line":18,"column":5}},"type":"if","locations":[{"start":{"line":14,"column":4},"end":{"line":18,"column":5}},{"start":{"line":14,"column":4},"end":{"line":18,"column":5}}],"line":14}},"s":{"0":1,"1":1,"2":1,"3":15,"4":15,"5":15,"6":95,"7":81,"8":14,"9":15,"10":15,"11":1},"f":{"0":15,"1":95},"b":{"0":[81,14]},"inputSourceMap":{"version":3,"names":["getLetterCount","string","letters","split","letterCount","forEach","letter","console","log"],"sourceRoot":"D:\\Learn\\Linkedin\\JavaScript-Test-Driven-Development\\src\\Unit-Test\\","sources":["letter-count.js"],"sourcesContent":["// 'cat' -> { c: 1, a: 1, t: 1}\r\n// 'better' -> { b:1, e: 2, t: 2, r: 1 }\r\n\r\nexport const getLetterCount = string => {\r\n    const letters = string.split('');\r\n    let letterCount = {};\r\n\r\n    letters.forEach(letter => {\r\n        if (!letterCount[letter]) {\r\n            letterCount[letter] = 1;\r\n        } else {\r\n            letterCount[letter] += 1;\r\n        }\r\n    });\r\nconsole.log(letterCount)\r\nreturn letterCount;\r\n};"],"mappings":";;;;;;AAAA;AACA;;AAEO,IAAMA,cAAc,GAAG,SAAjBA,cAAc,CAAGC,MAAM,EAAI;EACpC,IAAMC,OAAO,GAAGD,MAAM,CAACE,KAAK,CAAC,EAAE,CAAC;EAChC,IAAIC,WAAW,GAAG,CAAC,CAAC;EAEpBF,OAAO,CAACG,OAAO,CAAC,UAAAC,MAAM,EAAI;IACtB,IAAI,CAACF,WAAW,CAACE,MAAM,CAAC,EAAE;MACtBF,WAAW,CAACE,MAAM,CAAC,GAAG,CAAC;IAC3B,CAAC,MAAM;MACHF,WAAW,CAACE,MAAM,CAAC,IAAI,CAAC;IAC5B;EACJ,CAAC,CAAC;EACNC,OAAO,CAACC,GAAG,CAACJ,WAAW,CAAC;EACxB,OAAOA,WAAW;AAClB,CAAC;AAAC"},"_coverageSchema":"1a1c01bbd47fc00a2c39e90264f33305004495a9","hash":"689bbe65798e61800dbd2c5db4975665b969e905","contentHash":"3cc62052bdfab46cab3e31d9321f6936fde322c7c15a5ffd554b62f2af217312"}}