TN:
SF:src\Integration-Test\db.js
FN:2,_regeneratorRuntime
FN:2,_regeneratorRuntime
FN:6,(anonymous_60)
FN:6,_callee
FN:6,_callee$
FN:6,getUserByUsername
FNF:6
FNH:6
FNDA:1,_regeneratorRuntime
FNDA:82,_regeneratorRuntime
FNDA:1,(anonymous_60)
FNDA:2,_callee
FNDA:8,_callee$
FNDA:2,getUserByUsername
DA:1,1
DA:2,274
DA:4,1
DA:6,18
DA:7,2
DA:15,2
DA:17,2
DA:19,2
DA:21,2
DA:22,1
DA:24,1
DA:26,1
LF:12
LH:12
BRDA:2,0,0,47
BRDA:2,0,1,77
BRDA:2,1,0,1
BRDA:2,1,1,1
BRDA:2,1,2,1
BRDA:2,1,3,1
BRDA:2,2,0,4
BRDA:2,2,1,0
BRDA:2,2,2,0
BRDA:2,3,0,0
BRDA:2,3,1,0
BRDA:2,3,2,0
BRDA:2,3,3,0
BRDA:2,3,4,0
BRDA:2,4,0,4
BRDA:2,4,1,0
BRDA:2,4,2,0
BRDA:2,4,3,0
BRDA:2,4,4,0
BRDA:2,4,5,0
BRDA:4,5,0,1
BRDA:4,5,1,0
BRDA:6,6,0,2
BRDA:6,6,1,2
BRDA:6,6,2,2
BRDA:6,6,3,0
BRDA:6,6,4,2
BRF:27
BRH:13
end_of_record
TN:
SF:src\Integration-Test\mocha-setup.js
FN:5,_interopRequireDefault
FNF:1
FNH:1
FNDA:2,_interopRequireDefault
DA:1,1
DA:3,1
DA:5,2
DA:7,1
LF:4
LH:4
BRDA:5,0,0,2
BRDA:5,0,1,4
BRF:2
BRH:2
end_of_record
TN:
SF:src\Integration-Test\server.js
FN:2,_interopRequireDefault
FN:2,_regeneratorRuntime
FN:6,(anonymous_61)
FN:6,_callee
FN:6,_callee$
FN:18,(anonymous_64)
FNF:6
FNH:6
FNDA:3,_interopRequireDefault
FNDA:87,_regeneratorRuntime
FNDA:1,(anonymous_61)
FNDA:3,_callee
FNDA:6,_callee$
FNDA:3,(anonymous_64)
DA:1,1
DA:2,264
DA:4,1
DA:6,17
DA:7,6
DA:9,2
DA:10,2
DA:11,1
DA:13,1
DA:14,6
DA:16,3
DA:18,4
LF:12
LH:12
BRDA:2,0,0,3
BRDA:2,0,1,3
BRDA:2,1,0,56
BRDA:2,1,1,53
BRDA:2,2,0,1
BRDA:2,2,1,1
BRDA:2,2,2,1
BRDA:2,2,3,1
BRDA:2,3,0,0
BRDA:2,3,1,0
BRDA:2,3,2,0
BRDA:2,4,0,0
BRDA:2,4,1,0
BRDA:2,4,2,0
BRDA:2,4,3,0
BRDA:2,4,4,0
BRDA:2,5,0,0
BRDA:2,5,1,0
BRDA:2,5,2,0
BRDA:2,5,3,0
BRDA:2,5,4,0
BRDA:2,5,5,0
BRDA:6,6,0,3
BRDA:6,6,1,2
BRDA:6,6,2,1
BRDA:6,6,3,3
BRDA:6,6,4,3
BRDA:10,7,0,1
BRDA:10,7,1,1
BRF:29
BRH:15
end_of_record
TN:
SF:src\Integration-Test\test-helpers.js
FN:1,_regeneratorRuntime
FN:2,_regeneratorRuntime
FN:5,(anonymous_60)
FN:5,_callee
FN:5,_callee$
FN:5,setDatabaseData
FN:20,(anonymous_64)
FN:20,_callee2
FN:20,_callee2$
FN:20,getDatabaseData
FN:37,(anonymous_68)
FN:37,_callee3
FN:37,resetDatabase
FNF:13
FNH:13
FNDA:1,_regeneratorRuntime
FNDA:155,_regeneratorRuntime
FNDA:1,(anonymous_60)
FNDA:2,_callee
FNDA:6,_callee$
FNDA:2,setDatabaseData
FNDA:1,(anonymous_64)
FNDA:1,_callee2
FNDA:4,_callee2$
FNDA:1,getDatabaseData
FNDA:1,(anonymous_68)
FNDA:8,_callee3
FNDA:2,resetDatabase
DA:1,1
DA:2,498
DA:3,1
DA:5,14
DA:6,2
DA:13,2
DA:17,2
DA:18,1
DA:20,9
DA:21,1
DA:28,1
DA:30,1
DA:32,1
DA:34,1
DA:35,1
DA:37,14
DA:38,2
DA:45,2
DA:49,2
DA:50,1
LF:20
LH:20
BRDA:2,0,0,78
BRDA:2,0,1,123
BRDA:2,1,0,1
BRDA:2,1,1,1
BRDA:2,1,2,1
BRDA:2,1,3,1
BRDA:2,2,0,2
BRDA:2,2,1,0
BRDA:2,2,2,0
BRDA:2,3,0,0
BRDA:2,3,1,0
BRDA:2,3,2,0
BRDA:2,3,3,0
BRDA:2,3,4,0
BRDA:2,4,0,2
BRDA:2,4,1,0
BRDA:2,4,2,0
BRDA:2,4,3,0
BRDA:2,4,4,0
BRDA:2,4,5,0
BRDA:5,5,0,2
BRDA:5,5,1,2
BRDA:5,5,2,2
BRDA:5,5,3,2
BRDA:5,5,4,2
BRDA:20,6,0,1
BRDA:20,6,1,1
BRDA:20,6,2,1
BRDA:20,6,3,0
BRDA:20,6,4,1
BRDA:37,7,0,2
BRDA:37,7,1,2
BRDA:37,7,2,2
BRDA:37,7,3,2
BRDA:37,7,4,2
BRF:35
BRH:22
end_of_record
TN:
SF:src\Unit-Test\anagrams.js
FN:4,isAnagram
FNF:1
FNH:1
FNDA:6,isAnagram
DA:1,1
DA:2,1
DA:4,1
DA:6,6
DA:7,6
DA:9,6
DA:10,6
DA:12,6
DA:13,6
DA:15,6
DA:17,6
DA:26,1
LF:12
LH:12
BRF:0
BRH:0
end_of_record
TN:
SF:src\Unit-Test\letter-count.js
FN:4,getLetterCount
FN:8,(anonymous_1)
FNF:2
FNH:2
FNDA:15,getLetterCount
FNDA:95,(anonymous_1)
DA:4,1
DA:5,15
DA:6,15
DA:8,15
DA:9,95
DA:10,81
DA:12,14
DA:15,15
DA:16,15
DA:17,1
LF:10
LH:10
BRDA:9,0,0,81
BRDA:9,0,1,14
BRF:2
BRH:2
end_of_record
